

<!DOCTYPE html>
<html>
<head>
<meta charset="UTF-8">
<meta name="viewport" content="width=device-width, initial-scale=1, shrink-to-fit=no">
<title></title>
<link rel="apple-touch-icon" href="https://cdn.jsdelivr.net/gh/extent-framework/extent-github-cdn@b00a2d0486596e73dd7326beacf352c639623a0e/commons/img/logo.png">
<link rel="shortcut icon" href="https://cdn.jsdelivr.net/gh/extent-framework/extent-github-cdn@b00a2d0486596e73dd7326beacf352c639623a0e/commons/img/logo.png">
<link href="https://cdn.jsdelivr.net/gh/extent-framework/extent-github-cdn@d6562a79075e061305ccfdb82f01e5e195e2d307/spark/css/spark-style.css" rel="stylesheet" />
<link href="https://stackpath.bootstrapcdn.com/font-awesome/4.7.0/css/font-awesome.min.css" rel="stylesheet">
<script src="https://cdn.jsdelivr.net/gh/extent-framework/extent-github-cdn@7cc78ce/spark/js/jsontree.js"></script>
<style type="text/css"></style></head><body class="spa bdd-report standard">
  <div class="app">
    <div class="layout">
<div class="header navbar">
<div class="vheader">
<div class="nav-logo">
<a href="#">
<div class="logo" style="background-image: url('https://cdn.jsdelivr.net/gh/extent-framework/extent-github-cdn@b00a2d0486596e73dd7326beacf352c639623a0e/commons/img/logo.png')"></div>
</a>
</div>
<ul class="nav-left">
<li class="search-box">
<a class="search-toggle" href="#">
<i class="search-icon fa fa-search"></i>
<i class="search-icon-close fa fa-close"></i>
</a>
</li>
<li class="search-input"><input id="search-tests" class="form-control" type="text" placeholder="Search..."></li>
</ul>
<ul class="nav-right">
<li class="m-r-10">
<a href="#"><span class="badge badge-primary"></span></a>
</li>
<li class="m-r-10">
<a href="#"><span class="badge badge-primary">Jun 13, 2022 11:15:38 AM</span></a>
</li>
</ul>
</div>
</div><div class="side-nav">
<div class="side-nav-inner">
<ul class="side-nav-menu">
<li class="nav-item dropdown" onclick="toggleView('test-view')">
<a id="nav-test" class="dropdown-toggle" href="#">
<span class="ico"><i class="fa fa-list"></i></span>
</a>
</li>
<li class="nav-item dropdown" onclick="toggleView('exception-view')">
<a id="nav-exception" class="dropdown-toggle" href="#">
<span class="ico"><i class="fa fa-bug"></i></span>
</a>
</li>
<li class="nav-item dropdown" onclick="toggleView('category-view')">
<a id="nav-category" class="dropdown-toggle" href="#">
<span class="ico"><i class="fa fa-tag"></i></span>
</a>
</li>
<li class="nav-item dropdown" onclick="toggleView('dashboard-view')">
<a id="nav-dashboard" class="dropdown-toggle" href="#">
<span class="ico"><i class="fa fa-bar-chart"></i></span>
</a>
</li>
</ul>
</div>
</div>      <div class="vcontainer">
        <div class="main-content">
<div class="test-wrapper row view test-view">
  <div class="test-list">
    <div class="test-list-tools">
<ul class="tools pull-left">
<li><a href="#"><span class="font-size-14">Tests</span></a></li>
</ul>
<ul class="tools text-right">
<li class="dropdown">
<a href="#" class="dropdown-toggle" data-toggle="dropdown"><i class="fa fa-exclamation-circle"></i></a>
<ul id="status-toggle" class="dropdown-menu dropdown-md p-v-0">
<a class="dropdown-item" status="fail" href="#"><span>Fail</span><span class="status danger"></span></a>
<div class="dropdown-divider"></div>
<a status="clear" class="dropdown-item" href="#"><span>Clear</span><span class="pull-right"><i class="fa fa-close"></i></span></a>
</ul>
</li>
<li class="dropdown">
<a href="#" class="dropdown-toggle" data-toggle="dropdown"><i class="fa fa-tag"></i></a>
<ul id="tag-toggle" class="dropdown-menu dropdown-md p-v-0">
<a class="dropdown-item" href="#">@DieticianLogin</a>
</ul>
</li>
</ul>
</div>    <div class="test-list-wrapper scrollable">
      <ul class="test-list-item">
        <li class="test-item"  status="fail" test-id="1"
          author=""
          tag=""
          device="">
          <div class="test-detail">
            <p class="name">Add New Patient Page</p>
            <p class="text-sm">
              <span>11:15:41 AM</span> / <span>00:03:40:521</span>
              <span class="badge fail-bg log float-right">Fail</span>
            </p>
          </div>
          <div class="test-contents d-none">
<div class="detail-head">
<div class="p-v-10">
<div class="info">
<h5 class="test-status text-fail">Add New Patient Page</h5>
<span class='badge badge-success'>06.13.2022 11:15:41 AM</span>
<span class='badge badge-danger'>06.13.2022 11:19:21 AM</span>
<span class='badge badge-default'>00:03:40:521</span>
&middot; <span class='uri-anchor badge badge-default'>#test-id=1</span>
<span class='badge badge-default pointer float-right ml-1 et'><i class="fa fa-chevron-down"></i></span>
<span class='badge badge-default pointer float-right ct'><i class="fa fa-chevron-up"></i></span>
</div>
<div class="m-t-10 m-l-5"></div>
</div>
</div>
<div class="accordion mt-4">
  <div class="card">
    <div class="card-header" role="tab">
      <div class="card-title">
        <div class="node" id="2"><span class="badge log fail-bg mr-2">Fail</span>Add New Patient Details</div>
          <div class="status-avatar float-right mr-4">
            <i class="fa fa-paperclip"></i>
          </div>
      </div>
    </div>
        <div class="">
          <div class="card-body">
              <div class="step fail-bg" title="stepDefinitions.NewPatientSteps.user_is_on_the_add_new_patient_page()">
                <span>Given User is on the Add New Patient Page</span>
      <div>
        <textarea disabled class="code-block">java.lang.AssertionError: expected [New Patient] but found [Tomtop – Loving, Shopping, Sharing]
	at org.testng.Assert.fail(Assert.java:110)
	at org.testng.Assert.failNotEquals(Assert.java:1413)
	at org.testng.Assert.assertEqualsImpl(Assert.java:149)
	at org.testng.Assert.assertEquals(Assert.java:131)
	at org.testng.Assert.assertEquals(Assert.java:655)
	at org.testng.Assert.assertEquals(Assert.java:665)
	at stepDefinitions.NewPatientSteps.user_is_on_the_add_new_patient_page(NewPatientSteps.java:37)
	at ?.User is on the Add New Patient Page(file:///C:/Users/einst/eclipse-workspace-new/DieticianHackathon/src/test/resources/features/NewPatient.feature:5)
</textarea>
      
      </div>
              </div>
              <div class="step pass-bg" title="AFTER_STEP">
                <span>stepDefinitions.Hooks.failedScreenshot(io.cucumber.java.Scenario)</span>
      <div>image
          <div class="row mb-3"><div class="col-md-3">
<img data-featherlight='./screenshots/embedded7.png' src="./screenshots/embedded7.png">
    
    </div></div>
</div>
      <div>
      </div>
              </div>
              <div class="step skip-bg" title="stepDefinitions.NewPatientSteps.patient_data_form_is_visible()">
                <span>Then Patient Data Form is visible</span>
      <div>Step skipped
      </div>
              </div>
              <div class="step fail-bg" title="AFTER">
                <span>stepDefinitions.Hooks.tearDown()</span>
      <div>
        <textarea disabled class="code-block">org.openqa.selenium.WebDriverException: Timed out waiting for driver server to stop.
Build info: version: '4.1.4', revision: '535d840ee2'
System info: host: 'LAPTOP-BADH85B6', ip: '192.168.0.16', os.name: 'Windows 10', os.arch: 'amd64', os.version: '10.0', java.version: '11.0.8'
Driver info: org.openqa.selenium.edge.EdgeDriver
Command: [9c63981e73b3bb361ae5cb88fb93af51, quit {}]
Capabilities {acceptInsecureCerts: false, browserName: msedge, browserVersion: 102.0.1245.39, javascriptEnabled: true, ms:edgeOptions: {debuggerAddress: localhost:52741}, msedge: {msedgedriverVersion: 102.0.1245.39 (14b303d1f780..., userDataDir: C:\Users\einst\AppData\Loca...}, networkConnectionEnabled: false, pageLoadStrategy: normal, platform: WINDOWS, platformName: WINDOWS, proxy: Proxy(), se:cdp: ws://localhost:52741/devtoo..., se:cdpVersion: 102.0.1245.39, setWindowRect: true, strictFileInteractability: false, timeouts: {implicit: 0, pageLoad: 300000, script: 30000}, unhandledPromptBehavior: dismiss and notify, webauthn:extension:credBlob: true, webauthn:extension:largeBlob: true, webauthn:virtualAuthenticators: true}
Session ID: 9c63981e73b3bb361ae5cb88fb93af51
	at org.openqa.selenium.remote.service.DriverCommandExecutor.execute(DriverCommandExecutor.java:132)
	at org.openqa.selenium.remote.RemoteWebDriver.execute(RemoteWebDriver.java:567)
	at org.openqa.selenium.remote.RemoteWebDriver.execute(RemoteWebDriver.java:622)
	at org.openqa.selenium.remote.RemoteWebDriver.execute(RemoteWebDriver.java:626)
	at org.openqa.selenium.remote.RemoteWebDriver.quit(RemoteWebDriver.java:463)
	at org.openqa.selenium.chromium.ChromiumDriver.quit(ChromiumDriver.java:293)
	at stepDefinitions.Hooks.tearDown(Hooks.java:26)
Caused by: java.util.concurrent.ExecutionException: org.openqa.selenium.TimeoutException: Process timed out after waiting for 20000 ms.
Build info: version: '4.1.4', revision: '535d840ee2'
System info: host: 'LAPTOP-BADH85B6', ip: '192.168.0.16', os.name: 'Windows 10', os.arch: 'amd64', os.version: '10.0', java.version: '11.0.8'
Driver info: driver.version: unknown
	at java.base/java.util.concurrent.CompletableFuture.reportGet(CompletableFuture.java:395)
	at java.base/java.util.concurrent.CompletableFuture.get(CompletableFuture.java:2022)
	at org.openqa.selenium.remote.service.DriverCommandExecutor.execute(DriverCommandExecutor.java:128)
	at org.openqa.selenium.remote.RemoteWebDriver.execute(RemoteWebDriver.java:567)
	at org.openqa.selenium.remote.RemoteWebDriver.execute(RemoteWebDriver.java:622)
	at org.openqa.selenium.remote.RemoteWebDriver.execute(RemoteWebDriver.java:626)
	at org.openqa.selenium.remote.RemoteWebDriver.quit(RemoteWebDriver.java:463)
	at org.openqa.selenium.chromium.ChromiumDriver.quit(ChromiumDriver.java:293)
	at stepDefinitions.Hooks.tearDown(Hooks.java:26)
	at java.base/jdk.internal.reflect.NativeMethodAccessorImpl.invoke0(Native Method)
	at java.base/jdk.internal.reflect.NativeMethodAccessorImpl.invoke(NativeMethodAccessorImpl.java:62)
	at java.base/jdk.internal.reflect.DelegatingMethodAccessorImpl.invoke(DelegatingMethodAccessorImpl.java:43)
	at java.base/java.lang.reflect.Method.invoke(Method.java:566)
	at io.cucumber.java.Invoker.doInvoke(Invoker.java:66)
	at io.cucumber.java.Invoker.invoke(Invoker.java:24)
	at io.cucumber.java.AbstractGlueDefinition.invokeMethod(AbstractGlueDefinition.java:47)
	at io.cucumber.java.JavaHookDefinition.execute(JavaHookDefinition.java:64)
	at io.cucumber.core.runner.CoreHookDefinition.execute(CoreHookDefinition.java:46)
	at io.cucumber.core.runner.HookDefinitionMatch.runStep(HookDefinitionMatch.java:21)
	at io.cucumber.core.runner.ExecutionMode$1.execute(ExecutionMode.java:10)
	at io.cucumber.core.runner.TestStep.executeStep(TestStep.java:85)
	at io.cucumber.core.runner.TestStep.run(TestStep.java:57)
	at io.cucumber.core.runner.TestCase.run(TestCase.java:90)
	at io.cucumber.core.runner.Runner.runPickle(Runner.java:75)
	at io.cucumber.testng.TestNGCucumberRunner.lambda$runScenario$1(TestNGCucumberRunner.java:132)
	at io.cucumber.core.runtime.CucumberExecutionContext.lambda$runTestCase$5(CucumberExecutionContext.java:129)
	at io.cucumber.core.runtime.RethrowingThrowableCollector.executeAndThrow(RethrowingThrowableCollector.java:23)
	at io.cucumber.core.runtime.CucumberExecutionContext.runTestCase(CucumberExecutionContext.java:129)
	at io.cucumber.testng.TestNGCucumberRunner.runScenario(TestNGCucumberRunner.java:129)
	at io.cucumber.testng.AbstractTestNGCucumberTests.runScenario(AbstractTestNGCucumberTests.java:35)
	at java.base/jdk.internal.reflect.NativeMethodAccessorImpl.invoke0(Native Method)
	at java.base/jdk.internal.reflect.NativeMethodAccessorImpl.invoke(NativeMethodAccessorImpl.java:62)
	at java.base/jdk.internal.reflect.DelegatingMethodAccessorImpl.invoke(DelegatingMethodAccessorImpl.java:43)
	at java.base/java.lang.reflect.Method.invoke(Method.java:566)
	at org.testng.internal.invokers.MethodInvocationHelper.invokeMethod(MethodInvocationHelper.java:135)
	at org.testng.internal.invokers.TestInvoker.invokeMethod(TestInvoker.java:673)
	at org.testng.internal.invokers.TestInvoker.invokeTestMethod(TestInvoker.java:220)
	at org.testng.internal.invokers.TestMethodWithDataProviderMethodWorker.call(TestMethodWithDataProviderMethodWorker.java:80)
	at org.testng.internal.invokers.TestMethodWithDataProviderMethodWorker.call(TestMethodWithDataProviderMethodWorker.java:17)
	at java.base/java.util.concurrent.FutureTask.run(FutureTask.java:264)
	at java.base/java.util.concurrent.Executors$RunnableAdapter.call(Executors.java:515)
	at java.base/java.util.concurrent.FutureTask.run(FutureTask.java:264)
	at java.base/java.util.concurrent.ThreadPoolExecutor.runWorker(ThreadPoolExecutor.java:1128)
	at java.base/java.util.concurrent.ThreadPoolExecutor$Worker.run(ThreadPoolExecutor.java:628)
	at java.base/java.lang.Thread.run(Thread.java:834)
Caused by: org.openqa.selenium.TimeoutException: Process timed out after waiting for 20000 ms.
Build info: version: '4.1.4', revision: '535d840ee2'
System info: host: 'LAPTOP-BADH85B6', ip: '192.168.0.16', os.name: 'Windows 10', os.arch: 'amd64', os.version: '10.0', java.version: '11.0.8'
Driver info: driver.version: unknown
	at org.openqa.selenium.os.OsProcess.waitFor(OsProcess.java:174)
	at org.openqa.selenium.os.CommandLine.waitFor(CommandLine.java:114)
	at org.openqa.selenium.remote.service.DriverCommandExecutor.lambda$execute$2(DriverCommandExecutor.java:122)
	at java.base/java.util.concurrent.CompletableFuture$AsyncSupply.run(CompletableFuture.java:1700)
	... 3 more
</textarea>
      
      </div>
              </div>
          </div>
        </div>
  </div>
  <div class="card">
    <div class="card-header" role="tab">
      <div class="card-title">
        <div class="node" id="3"><span class="badge log fail-bg mr-2">Fail</span>Empty Form submission For Add New Patient Details</div>
          <div class="status-avatar float-right mr-4">
            <i class="fa fa-paperclip"></i>
          </div>
      </div>
    </div>
        <div class="scenario_outline ">
            <div class="card-body l1">
              <div class="card-header">
                <div class="card-title outline-child">
                  <div class="node" id="4"><span class="badge log fail-bg mr-2">Fail</span>Empty Form submission For Add New Patient Details</div>
                    <div class="status-avatar float-right">
                      <i class="fa fa-paperclip"></i>
                    </div>
                </div>
              </div>
              <div class="card-body mt-3 ">
                  <div class="step fail-bg">
                    <span>Given User is on the Add New Patient Page</span>
      <div>
        <textarea disabled class="code-block">org.openqa.selenium.WebDriverException: unknown error: net::ERR_CONNECTION_TIMED_OUT
  (Session info: MicrosoftEdge=102.0.1245.39)
Build info: version: '4.1.4', revision: '535d840ee2'
System info: host: 'LAPTOP-BADH85B6', ip: '192.168.0.16', os.name: 'Windows 10', os.arch: 'amd64', os.version: '10.0', java.version: '11.0.8'
Driver info: org.openqa.selenium.edge.EdgeDriver
Command: [899ceb1ca7c96628f763d774a87c5627, get {url=https://dummy.com}]
Capabilities {acceptInsecureCerts: false, browserName: msedge, browserVersion: 102.0.1245.39, javascriptEnabled: true, ms:edgeOptions: {debuggerAddress: localhost:52796}, msedge: {msedgedriverVersion: 102.0.1245.39 (14b303d1f780..., userDataDir: C:\Users\einst\AppData\Loca...}, networkConnectionEnabled: false, pageLoadStrategy: normal, platform: WINDOWS, platformName: WINDOWS, proxy: Proxy(), se:cdp: ws://localhost:52796/devtoo..., se:cdpVersion: 102.0.1245.39, setWindowRect: true, strictFileInteractability: false, timeouts: {implicit: 0, pageLoad: 300000, script: 30000}, unhandledPromptBehavior: dismiss and notify, webauthn:extension:credBlob: true, webauthn:extension:largeBlob: true, webauthn:virtualAuthenticators: true}
Session ID: 899ceb1ca7c96628f763d774a87c5627
	at java.base/jdk.internal.reflect.NativeConstructorAccessorImpl.newInstance0(Native Method)
	at java.base/jdk.internal.reflect.NativeConstructorAccessorImpl.newInstance(NativeConstructorAccessorImpl.java:62)
	at java.base/jdk.internal.reflect.DelegatingConstructorAccessorImpl.newInstance(DelegatingConstructorAccessorImpl.java:45)
	at java.base/java.lang.reflect.Constructor.newInstance(Constructor.java:490)
	at org.openqa.selenium.remote.codec.w3c.W3CHttpResponseCodec.createException(W3CHttpResponseCodec.java:200)
	at org.openqa.selenium.remote.codec.w3c.W3CHttpResponseCodec.decode(W3CHttpResponseCodec.java:133)
	at org.openqa.selenium.remote.codec.w3c.W3CHttpResponseCodec.decode(W3CHttpResponseCodec.java:53)
	at org.openqa.selenium.remote.HttpCommandExecutor.execute(HttpCommandExecutor.java:184)
	at org.openqa.selenium.remote.service.DriverCommandExecutor.invokeExecute(DriverCommandExecutor.java:167)
	at org.openqa.selenium.remote.service.DriverCommandExecutor.execute(DriverCommandExecutor.java:142)
	at org.openqa.selenium.remote.RemoteWebDriver.execute(RemoteWebDriver.java:567)
	at org.openqa.selenium.remote.RemoteWebDriver.get(RemoteWebDriver.java:330)
	at com.base.Base.getWebDriver(Base.java:42)
	at com.base.TestContext.<init>(TestContext.java:24)
	at java.base/jdk.internal.reflect.NativeConstructorAccessorImpl.newInstance0(Native Method)
	at java.base/jdk.internal.reflect.NativeConstructorAccessorImpl.newInstance(NativeConstructorAccessorImpl.java:62)
	at java.base/jdk.internal.reflect.DelegatingConstructorAccessorImpl.newInstance(DelegatingConstructorAccessorImpl.java:45)
	at java.base/java.lang.reflect.Constructor.newInstance(Constructor.java:490)
	at org.picocontainer.injectors.AbstractInjector.newInstance(AbstractInjector.java:145)
	at org.picocontainer.injectors.ConstructorInjector$1.run(ConstructorInjector.java:342)
	at org.picocontainer.injectors.AbstractInjector$ThreadLocalCyclicDependencyGuard.observe(AbstractInjector.java:270)
	at org.picocontainer.injectors.ConstructorInjector.getComponentInstance(ConstructorInjector.java:364)
	at org.picocontainer.injectors.AbstractInjectionFactory$LifecycleAdapter.getComponentInstance(AbstractInjectionFactory.java:56)
	at org.picocontainer.behaviors.AbstractBehavior.getComponentInstance(AbstractBehavior.java:64)
	at org.picocontainer.behaviors.Stored.getComponentInstance(Stored.java:91)
	at org.picocontainer.DefaultPicoContainer.getInstance(DefaultPicoContainer.java:699)
	at org.picocontainer.DefaultPicoContainer.getComponent(DefaultPicoContainer.java:647)
	at org.picocontainer.DefaultPicoContainer.getComponent(DefaultPicoContainer.java:632)
	at org.picocontainer.parameters.BasicComponentParameter$1.resolveInstance(BasicComponentParameter.java:118)
	at org.picocontainer.parameters.ComponentParameter$1.resolveInstance(ComponentParameter.java:136)
	at org.picocontainer.injectors.SingleMemberInjector.getParameter(SingleMemberInjector.java:78)
	at org.picocontainer.injectors.ConstructorInjector$CtorAndAdapters.getParameterArguments(ConstructorInjector.java:309)
	at org.picocontainer.injectors.ConstructorInjector$1.run(ConstructorInjector.java:335)
	at org.picocontainer.injectors.AbstractInjector$ThreadLocalCyclicDependencyGuard.observe(AbstractInjector.java:270)
	at org.picocontainer.injectors.ConstructorInjector.getComponentInstance(ConstructorInjector.java:364)
	at org.picocontainer.injectors.AbstractInjectionFactory$LifecycleAdapter.getComponentInstance(AbstractInjectionFactory.java:56)
	at org.picocontainer.behaviors.AbstractBehavior.getComponentInstance(AbstractBehavior.java:64)
	at org.picocontainer.behaviors.Stored.getComponentInstance(Stored.java:91)
	at org.picocontainer.DefaultPicoContainer.getInstance(DefaultPicoContainer.java:699)
	at org.picocontainer.DefaultPicoContainer.getComponent(DefaultPicoContainer.java:647)
	at org.picocontainer.DefaultPicoContainer.getComponent(DefaultPicoContainer.java:678)
	at io.cucumber.picocontainer.PicoFactory.getInstance(PicoFactory.java:49)
	at io.cucumber.java.AbstractGlueDefinition.invokeMethod(AbstractGlueDefinition.java:47)
	at io.cucumber.java.JavaStepDefinition.execute(JavaStepDefinition.java:29)
	at io.cucumber.core.runner.CoreStepDefinition.execute(CoreStepDefinition.java:66)
	at io.cucumber.core.runner.PickleStepDefinitionMatch.runStep(PickleStepDefinitionMatch.java:63)
	at io.cucumber.core.runner.ExecutionMode$1.execute(ExecutionMode.java:10)
	at io.cucumber.core.runner.TestStep.executeStep(TestStep.java:85)
	at io.cucumber.core.runner.TestStep.run(TestStep.java:57)
	at io.cucumber.core.runner.PickleStepTestStep.run(PickleStepTestStep.java:51)
	at io.cucumber.core.runner.TestCase.run(TestCase.java:84)
	at io.cucumber.core.runner.Runner.runPickle(Runner.java:75)
	at io.cucumber.testng.TestNGCucumberRunner.lambda$runScenario$1(TestNGCucumberRunner.java:132)
	at io.cucumber.core.runtime.CucumberExecutionContext.lambda$runTestCase$5(CucumberExecutionContext.java:129)
	at io.cucumber.core.runtime.RethrowingThrowableCollector.executeAndThrow(RethrowingThrowableCollector.java:23)
	at io.cucumber.core.runtime.CucumberExecutionContext.runTestCase(CucumberExecutionContext.java:129)
	at io.cucumber.testng.TestNGCucumberRunner.runScenario(TestNGCucumberRunner.java:129)
	at io.cucumber.testng.AbstractTestNGCucumberTests.runScenario(AbstractTestNGCucumberTests.java:35)
	at java.base/jdk.internal.reflect.NativeMethodAccessorImpl.invoke0(Native Method)
	at java.base/jdk.internal.reflect.NativeMethodAccessorImpl.invoke(NativeMethodAccessorImpl.java:62)
	at java.base/jdk.internal.reflect.DelegatingMethodAccessorImpl.invoke(DelegatingMethodAccessorImpl.java:43)
	at java.base/java.lang.reflect.Method.invoke(Method.java:566)
	at org.testng.internal.invokers.MethodInvocationHelper.invokeMethod(MethodInvocationHelper.java:135)
	at org.testng.internal.invokers.TestInvoker.invokeMethod(TestInvoker.java:673)
	at org.testng.internal.invokers.TestInvoker.invokeTestMethod(TestInvoker.java:220)
	at org.testng.internal.invokers.TestMethodWithDataProviderMethodWorker.call(TestMethodWithDataProviderMethodWorker.java:80)
	at org.testng.internal.invokers.TestMethodWithDataProviderMethodWorker.call(TestMethodWithDataProviderMethodWorker.java:17)
	at java.base/java.util.concurrent.FutureTask.run(FutureTask.java:264)
	at java.base/java.util.concurrent.Executors$RunnableAdapter.call(Executors.java:515)
	at java.base/java.util.concurrent.FutureTask.run(FutureTask.java:264)
	at java.base/java.util.concurrent.ThreadPoolExecutor.runWorker(ThreadPoolExecutor.java:1128)
	at java.base/java.util.concurrent.ThreadPoolExecutor$Worker.run(ThreadPoolExecutor.java:628)
	at java.base/java.lang.Thread.run(Thread.java:834)
</textarea>
      
      </div>
                  </div>
                  <div class="step pass-bg">
                    <span>stepDefinitions.Hooks.failedScreenshot(io.cucumber.java.Scenario)</span>
      <div>image
          <div class="row mb-3"><div class="col-md-3">
<img data-featherlight='./screenshots/embedded16.png' src="./screenshots/embedded16.png">
    
    </div></div>
</div>
      <div>
      </div>
                  </div>
                  <div class="step skip-bg">
                    <span>When User attempts to submit the form without filling up mandatory fields</span>
      <div>Step skipped
      </div>
                  </div>
                  <div class="step skip-bg">
                    <span>Then Unable to update and show error message as "NewPatient_FullName" and 0</span>
      <div>Step skipped
      </div>
                  </div>
              </div>
            </div>
        </div>
  </div>
  <div class="card">
    <div class="card-header" role="tab">
      <div class="card-title">
        <div class="node" id="5"><span class="badge log fail-bg mr-2">Fail</span>State, province or region Field Empty Value Validation</div>
          <div class="status-avatar float-right mr-4">
            <i class="fa fa-paperclip"></i>
          </div>
      </div>
    </div>
        <div class="scenario_outline ">
            <div class="card-body l1">
              <div class="card-header">
                <div class="card-title outline-child">
                  <div class="node" id="6"><span class="badge log fail-bg mr-2">Fail</span>State, province or region Field Empty Value Validation</div>
                    <div class="status-avatar float-right">
                      <i class="fa fa-paperclip"></i>
                    </div>
                </div>
              </div>
              <div class="card-body mt-3 ">
                  <div class="step fail-bg">
                    <span>Given User is on the Add New Patient Page</span>
      <div>
        <textarea disabled class="code-block">org.openqa.selenium.WebDriverException: unknown error: net::ERR_CONNECTION_TIMED_OUT
  (Session info: MicrosoftEdge=102.0.1245.39)
Build info: version: '4.1.4', revision: '535d840ee2'
System info: host: 'LAPTOP-BADH85B6', ip: '192.168.0.16', os.name: 'Windows 10', os.arch: 'amd64', os.version: '10.0', java.version: '11.0.8'
Driver info: org.openqa.selenium.edge.EdgeDriver
Command: [87eb1edbe99a5ab0c9817e6e3332d229, get {url=https://dummy.com}]
Capabilities {acceptInsecureCerts: false, browserName: msedge, browserVersion: 102.0.1245.39, javascriptEnabled: true, ms:edgeOptions: {debuggerAddress: localhost:52824}, msedge: {msedgedriverVersion: 102.0.1245.39 (14b303d1f780..., userDataDir: C:\Users\einst\AppData\Loca...}, networkConnectionEnabled: false, pageLoadStrategy: normal, platform: WINDOWS, platformName: WINDOWS, proxy: Proxy(), se:cdp: ws://localhost:52824/devtoo..., se:cdpVersion: 102.0.1245.39, setWindowRect: true, strictFileInteractability: false, timeouts: {implicit: 0, pageLoad: 300000, script: 30000}, unhandledPromptBehavior: dismiss and notify, webauthn:extension:credBlob: true, webauthn:extension:largeBlob: true, webauthn:virtualAuthenticators: true}
Session ID: 87eb1edbe99a5ab0c9817e6e3332d229
	at java.base/jdk.internal.reflect.NativeConstructorAccessorImpl.newInstance0(Native Method)
	at java.base/jdk.internal.reflect.NativeConstructorAccessorImpl.newInstance(NativeConstructorAccessorImpl.java:62)
	at java.base/jdk.internal.reflect.DelegatingConstructorAccessorImpl.newInstance(DelegatingConstructorAccessorImpl.java:45)
	at java.base/java.lang.reflect.Constructor.newInstance(Constructor.java:490)
	at org.openqa.selenium.remote.codec.w3c.W3CHttpResponseCodec.createException(W3CHttpResponseCodec.java:200)
	at org.openqa.selenium.remote.codec.w3c.W3CHttpResponseCodec.decode(W3CHttpResponseCodec.java:133)
	at org.openqa.selenium.remote.codec.w3c.W3CHttpResponseCodec.decode(W3CHttpResponseCodec.java:53)
	at org.openqa.selenium.remote.HttpCommandExecutor.execute(HttpCommandExecutor.java:184)
	at org.openqa.selenium.remote.service.DriverCommandExecutor.invokeExecute(DriverCommandExecutor.java:167)
	at org.openqa.selenium.remote.service.DriverCommandExecutor.execute(DriverCommandExecutor.java:142)
	at org.openqa.selenium.remote.RemoteWebDriver.execute(RemoteWebDriver.java:567)
	at org.openqa.selenium.remote.RemoteWebDriver.get(RemoteWebDriver.java:330)
	at com.base.Base.getWebDriver(Base.java:42)
	at com.base.TestContext.<init>(TestContext.java:24)
	at java.base/jdk.internal.reflect.NativeConstructorAccessorImpl.newInstance0(Native Method)
	at java.base/jdk.internal.reflect.NativeConstructorAccessorImpl.newInstance(NativeConstructorAccessorImpl.java:62)
	at java.base/jdk.internal.reflect.DelegatingConstructorAccessorImpl.newInstance(DelegatingConstructorAccessorImpl.java:45)
	at java.base/java.lang.reflect.Constructor.newInstance(Constructor.java:490)
	at org.picocontainer.injectors.AbstractInjector.newInstance(AbstractInjector.java:145)
	at org.picocontainer.injectors.ConstructorInjector$1.run(ConstructorInjector.java:342)
	at org.picocontainer.injectors.AbstractInjector$ThreadLocalCyclicDependencyGuard.observe(AbstractInjector.java:270)
	at org.picocontainer.injectors.ConstructorInjector.getComponentInstance(ConstructorInjector.java:364)
	at org.picocontainer.injectors.AbstractInjectionFactory$LifecycleAdapter.getComponentInstance(AbstractInjectionFactory.java:56)
	at org.picocontainer.behaviors.AbstractBehavior.getComponentInstance(AbstractBehavior.java:64)
	at org.picocontainer.behaviors.Stored.getComponentInstance(Stored.java:91)
	at org.picocontainer.DefaultPicoContainer.getInstance(DefaultPicoContainer.java:699)
	at org.picocontainer.DefaultPicoContainer.getComponent(DefaultPicoContainer.java:647)
	at org.picocontainer.DefaultPicoContainer.getComponent(DefaultPicoContainer.java:632)
	at org.picocontainer.parameters.BasicComponentParameter$1.resolveInstance(BasicComponentParameter.java:118)
	at org.picocontainer.parameters.ComponentParameter$1.resolveInstance(ComponentParameter.java:136)
	at org.picocontainer.injectors.SingleMemberInjector.getParameter(SingleMemberInjector.java:78)
	at org.picocontainer.injectors.ConstructorInjector$CtorAndAdapters.getParameterArguments(ConstructorInjector.java:309)
	at org.picocontainer.injectors.ConstructorInjector$1.run(ConstructorInjector.java:335)
	at org.picocontainer.injectors.AbstractInjector$ThreadLocalCyclicDependencyGuard.observe(AbstractInjector.java:270)
	at org.picocontainer.injectors.ConstructorInjector.getComponentInstance(ConstructorInjector.java:364)
	at org.picocontainer.injectors.AbstractInjectionFactory$LifecycleAdapter.getComponentInstance(AbstractInjectionFactory.java:56)
	at org.picocontainer.behaviors.AbstractBehavior.getComponentInstance(AbstractBehavior.java:64)
	at org.picocontainer.behaviors.Stored.getComponentInstance(Stored.java:91)
	at org.picocontainer.DefaultPicoContainer.getInstance(DefaultPicoContainer.java:699)
	at org.picocontainer.DefaultPicoContainer.getComponent(DefaultPicoContainer.java:647)
	at org.picocontainer.DefaultPicoContainer.getComponent(DefaultPicoContainer.java:678)
	at io.cucumber.picocontainer.PicoFactory.getInstance(PicoFactory.java:49)
	at io.cucumber.java.AbstractGlueDefinition.invokeMethod(AbstractGlueDefinition.java:47)
	at io.cucumber.java.JavaStepDefinition.execute(JavaStepDefinition.java:29)
	at io.cucumber.core.runner.CoreStepDefinition.execute(CoreStepDefinition.java:66)
	at io.cucumber.core.runner.PickleStepDefinitionMatch.runStep(PickleStepDefinitionMatch.java:63)
	at io.cucumber.core.runner.ExecutionMode$1.execute(ExecutionMode.java:10)
	at io.cucumber.core.runner.TestStep.executeStep(TestStep.java:85)
	at io.cucumber.core.runner.TestStep.run(TestStep.java:57)
	at io.cucumber.core.runner.PickleStepTestStep.run(PickleStepTestStep.java:51)
	at io.cucumber.core.runner.TestCase.run(TestCase.java:84)
	at io.cucumber.core.runner.Runner.runPickle(Runner.java:75)
	at io.cucumber.testng.TestNGCucumberRunner.lambda$runScenario$1(TestNGCucumberRunner.java:132)
	at io.cucumber.core.runtime.CucumberExecutionContext.lambda$runTestCase$5(CucumberExecutionContext.java:129)
	at io.cucumber.core.runtime.RethrowingThrowableCollector.executeAndThrow(RethrowingThrowableCollector.java:23)
	at io.cucumber.core.runtime.CucumberExecutionContext.runTestCase(CucumberExecutionContext.java:129)
	at io.cucumber.testng.TestNGCucumberRunner.runScenario(TestNGCucumberRunner.java:129)
	at io.cucumber.testng.AbstractTestNGCucumberTests.runScenario(AbstractTestNGCucumberTests.java:35)
	at java.base/jdk.internal.reflect.NativeMethodAccessorImpl.invoke0(Native Method)
	at java.base/jdk.internal.reflect.NativeMethodAccessorImpl.invoke(NativeMethodAccessorImpl.java:62)
	at java.base/jdk.internal.reflect.DelegatingMethodAccessorImpl.invoke(DelegatingMethodAccessorImpl.java:43)
	at java.base/java.lang.reflect.Method.invoke(Method.java:566)
	at org.testng.internal.invokers.MethodInvocationHelper.invokeMethod(MethodInvocationHelper.java:135)
	at org.testng.internal.invokers.TestInvoker.invokeMethod(TestInvoker.java:673)
	at org.testng.internal.invokers.TestInvoker.invokeTestMethod(TestInvoker.java:220)
	at org.testng.internal.invokers.TestMethodWithDataProviderMethodWorker.call(TestMethodWithDataProviderMethodWorker.java:80)
	at org.testng.internal.invokers.TestMethodWithDataProviderMethodWorker.call(TestMethodWithDataProviderMethodWorker.java:17)
	at java.base/java.util.concurrent.FutureTask.run(FutureTask.java:264)
	at java.base/java.util.concurrent.Executors$RunnableAdapter.call(Executors.java:515)
	at java.base/java.util.concurrent.FutureTask.run(FutureTask.java:264)
	at java.base/java.util.concurrent.ThreadPoolExecutor.runWorker(ThreadPoolExecutor.java:1128)
	at java.base/java.util.concurrent.ThreadPoolExecutor$Worker.run(ThreadPoolExecutor.java:628)
	at java.base/java.lang.Thread.run(Thread.java:834)
</textarea>
      
      </div>
                  </div>
                  <div class="step pass-bg">
                    <span>stepDefinitions.Hooks.failedScreenshot(io.cucumber.java.Scenario)</span>
      <div>image
          <div class="row mb-3"><div class="col-md-3">
<img data-featherlight='./screenshots/embedded19.png' src="./screenshots/embedded19.png">
    
    </div></div>
</div>
      <div>
      </div>
                  </div>
                  <div class="step skip-bg">
                    <span>When User attempts to submit the form without filling up State, province or region field as in "NewPatient_Address" and 5</span>
      <div>Step skipped
      </div>
                  </div>
                  <div class="step skip-bg">
                    <span>Then Unable to enter and show error message as in "NewPatient_Address" and 5</span>
      <div>Step skipped
      </div>
                  </div>
              </div>
            </div>
        </div>
  </div>
  <div class="card">
    <div class="card-header" role="tab">
      <div class="card-title">
        <div class="node" id="8"><span class="badge log fail-bg mr-2">Fail</span>"Full Name" Field Empty Value Validation</div>
          <div class="status-avatar float-right mr-4">
            <i class="fa fa-paperclip"></i>
          </div>
      </div>
    </div>
        <div class="scenario_outline ">
            <div class="card-body l1">
              <div class="card-header">
                <div class="card-title outline-child">
                  <div class="node" id="9"><span class="badge log fail-bg mr-2">Fail</span>"Full Name" Field Empty Value Validation</div>
                    <div class="status-avatar float-right">
                      <i class="fa fa-paperclip"></i>
                    </div>
                </div>
              </div>
              <div class="card-body mt-3 ">
                  <div class="step fail-bg">
                    <span>Given User is on the Add New Patient Page</span>
      <div>
        <textarea disabled class="code-block">java.lang.AssertionError: expected [New Patient] but found [Tomtop – Loving, Shopping, Sharing]
	at org.testng.Assert.fail(Assert.java:110)
	at org.testng.Assert.failNotEquals(Assert.java:1413)
	at org.testng.Assert.assertEqualsImpl(Assert.java:149)
	at org.testng.Assert.assertEquals(Assert.java:131)
	at org.testng.Assert.assertEquals(Assert.java:655)
	at org.testng.Assert.assertEquals(Assert.java:665)
	at stepDefinitions.NewPatientSteps.user_is_on_the_add_new_patient_page(NewPatientSteps.java:37)
	at ?.User is on the Add New Patient Page(file:///C:/Users/einst/eclipse-workspace-new/DieticianHackathon/src/test/resources/features/NewPatient.feature:28)
</textarea>
      
      </div>
                  </div>
                  <div class="step pass-bg">
                    <span>stepDefinitions.Hooks.failedScreenshot(io.cucumber.java.Scenario)</span>
      <div>image
          <div class="row mb-3"><div class="col-md-3">
<img data-featherlight='./screenshots/embedded6.png' src="./screenshots/embedded6.png">
    
    </div></div>
</div>
      <div>
      </div>
                  </div>
                  <div class="step skip-bg">
                    <span>When User attempts to submit the form without filling up Full Name field as in "NewPatient_FullName" and 2</span>
      <div>Step skipped
      </div>
                  </div>
                  <div class="step skip-bg">
                    <span>Then Unable to enter and show error message as in "NewPatient_FullName" and 2</span>
      <div>Step skipped
      </div>
                  </div>
              </div>
            </div>
        </div>
  </div>
  <div class="card">
    <div class="card-header" role="tab">
      <div class="card-title">
        <div class="node" id="11"><span class="badge log fail-bg mr-2">Fail</span>"Addess line 1" Field Empty Value Validation</div>
          <div class="status-avatar float-right mr-4">
            <i class="fa fa-paperclip"></i>
          </div>
      </div>
    </div>
        <div class="scenario_outline ">
            <div class="card-body l1">
              <div class="card-header">
                <div class="card-title outline-child">
                  <div class="node" id="12"><span class="badge log fail-bg mr-2">Fail</span>"Addess line 1" Field Empty Value Validation</div>
                    <div class="status-avatar float-right">
                      <i class="fa fa-paperclip"></i>
                    </div>
                </div>
              </div>
              <div class="card-body mt-3 ">
                  <div class="step fail-bg">
                    <span>Given User is on the Add New Patient Page</span>
      <div>
        <textarea disabled class="code-block">java.lang.AssertionError: expected [New Patient] but found [Dummy.com]
	at org.testng.Assert.fail(Assert.java:110)
	at org.testng.Assert.failNotEquals(Assert.java:1413)
	at org.testng.Assert.assertEqualsImpl(Assert.java:149)
	at org.testng.Assert.assertEquals(Assert.java:131)
	at org.testng.Assert.assertEquals(Assert.java:655)
	at org.testng.Assert.assertEquals(Assert.java:665)
	at stepDefinitions.NewPatientSteps.user_is_on_the_add_new_patient_page(NewPatientSteps.java:37)
	at ?.User is on the Add New Patient Page(file:///C:/Users/einst/eclipse-workspace-new/DieticianHackathon/src/test/resources/features/NewPatient.feature:37)
</textarea>
      
      </div>
                  </div>
                  <div class="step pass-bg">
                    <span>stepDefinitions.Hooks.failedScreenshot(io.cucumber.java.Scenario)</span>
      <div>image
          <div class="row mb-3"><div class="col-md-3">
<img data-featherlight='./screenshots/embedded4.png' src="./screenshots/embedded4.png">
    
    </div></div>
</div>
      <div>
      </div>
                  </div>
                  <div class="step skip-bg">
                    <span>When User does not enter any value in Addess line 1 field as in "NewPatient_Address" and 0</span>
      <div>Step skipped
      </div>
                  </div>
                  <div class="step skip-bg">
                    <span>Then Unable to enter and show error message as in "NewPatient_Address" and 0</span>
      <div>Step skipped
      </div>
                  </div>
              </div>
            </div>
        </div>
  </div>
  <div class="card">
    <div class="card-header" role="tab">
      <div class="card-title">
        <div class="node" id="14"><span class="badge log fail-bg mr-2">Fail</span>City Field Empty Value Validation</div>
          <div class="status-avatar float-right mr-4">
            <i class="fa fa-paperclip"></i>
          </div>
      </div>
    </div>
        <div class="scenario_outline ">
            <div class="card-body l1">
              <div class="card-header">
                <div class="card-title outline-child">
                  <div class="node" id="15"><span class="badge log fail-bg mr-2">Fail</span>City Field Empty Value Validation</div>
                    <div class="status-avatar float-right">
                      <i class="fa fa-paperclip"></i>
                    </div>
                </div>
              </div>
              <div class="card-body mt-3 ">
                  <div class="step fail-bg">
                    <span>Given User is on the Add New Patient Page</span>
      <div>
        <textarea disabled class="code-block">java.lang.AssertionError: expected [New Patient] but found [/ Pirated_Activation_code_detected_0xRed0xx786xx999y_cu5tomer_s5upport]
	at org.testng.Assert.fail(Assert.java:110)
	at org.testng.Assert.failNotEquals(Assert.java:1413)
	at org.testng.Assert.assertEqualsImpl(Assert.java:149)
	at org.testng.Assert.assertEquals(Assert.java:131)
	at org.testng.Assert.assertEquals(Assert.java:655)
	at org.testng.Assert.assertEquals(Assert.java:665)
	at stepDefinitions.NewPatientSteps.user_is_on_the_add_new_patient_page(NewPatientSteps.java:37)
	at ?.User is on the Add New Patient Page(file:///C:/Users/einst/eclipse-workspace-new/DieticianHackathon/src/test/resources/features/NewPatient.feature:64)
</textarea>
      
      </div>
                  </div>
                  <div class="step pass-bg">
                    <span>stepDefinitions.Hooks.failedScreenshot(io.cucumber.java.Scenario)</span>
      <div>image
          <div class="row mb-3"><div class="col-md-3">
<img data-featherlight='./screenshots/embedded2.png' src="./screenshots/embedded2.png">
    
    </div></div>
</div>
      <div>
      </div>
                  </div>
                  <div class="step skip-bg">
                    <span>When User attempts to submit the form without filling up City field as in "NewPatient_Address" and 3</span>
      <div>Step skipped
      </div>
                  </div>
                  <div class="step skip-bg">
                    <span>Then Unable to enter and show error message as in "NewPatient_Address" and 3</span>
      <div>Step skipped
      </div>
                  </div>
              </div>
            </div>
        </div>
  </div>
  <div class="card">
    <div class="card-header" role="tab">
      <div class="card-title">
        <div class="node" id="17"><span class="badge log fail-bg mr-2">Fail</span>City Field Numeric Value Validation</div>
          <div class="status-avatar float-right mr-4">
            <i class="fa fa-paperclip"></i>
          </div>
      </div>
    </div>
        <div class="scenario_outline ">
            <div class="card-body l1">
              <div class="card-header">
                <div class="card-title outline-child">
                  <div class="node" id="18"><span class="badge log fail-bg mr-2">Fail</span>City Field Numeric Value Validation</div>
                    <div class="status-avatar float-right">
                      <i class="fa fa-paperclip"></i>
                    </div>
                </div>
              </div>
              <div class="card-body mt-3 ">
                  <div class="step fail-bg">
                    <span>Given User is on the Add New Patient Page</span>
      <div>
        <textarea disabled class="code-block">java.lang.AssertionError: expected [New Patient] but found [www.infosayz.com]
	at org.testng.Assert.fail(Assert.java:110)
	at org.testng.Assert.failNotEquals(Assert.java:1413)
	at org.testng.Assert.assertEqualsImpl(Assert.java:149)
	at org.testng.Assert.assertEquals(Assert.java:131)
	at org.testng.Assert.assertEquals(Assert.java:655)
	at org.testng.Assert.assertEquals(Assert.java:665)
	at stepDefinitions.NewPatientSteps.user_is_on_the_add_new_patient_page(NewPatientSteps.java:37)
	at ?.User is on the Add New Patient Page(file:///C:/Users/einst/eclipse-workspace-new/DieticianHackathon/src/test/resources/features/NewPatient.feature:55)
</textarea>
      
      </div>
                  </div>
                  <div class="step pass-bg">
                    <span>stepDefinitions.Hooks.failedScreenshot(io.cucumber.java.Scenario)</span>
      <div>image
          <div class="row mb-3"><div class="col-md-3">
<img data-featherlight='./screenshots/embedded1.png' src="./screenshots/embedded1.png">
    
    </div></div>
</div>
      <div>
      </div>
                  </div>
                  <div class="step skip-bg">
                    <span>When User attempts to put numeric value in City field as in "NewPatient_Address" and 2</span>
      <div>Step skipped
      </div>
                  </div>
                  <div class="step skip-bg">
                    <span>Then Unable to enter and show error message as in "NewPatient_Address" and 2</span>
      <div>Step skipped
      </div>
                  </div>
              </div>
            </div>
        </div>
  </div>
  <div class="card">
    <div class="card-header" role="tab">
      <div class="card-title">
        <div class="node" id="20"><span class="badge log fail-bg mr-2">Fail</span>"Full Name" Field Numeric Value Validation</div>
          <div class="status-avatar float-right mr-4">
            <i class="fa fa-paperclip"></i>
          </div>
      </div>
    </div>
        <div class="scenario_outline ">
            <div class="card-body l1">
              <div class="card-header">
                <div class="card-title outline-child">
                  <div class="node" id="21"><span class="badge log fail-bg mr-2">Fail</span>"Full Name" Field Numeric Value Validation</div>
                    <div class="status-avatar float-right">
                      <i class="fa fa-paperclip"></i>
                    </div>
                </div>
              </div>
              <div class="card-body mt-3 ">
                  <div class="step fail-bg">
                    <span>Given User is on the Add New Patient Page</span>
      <div>
        <textarea disabled class="code-block">java.lang.AssertionError: expected [New Patient] but found [Reported Unsafe Site: Navigation Blocked]
	at org.testng.Assert.fail(Assert.java:110)
	at org.testng.Assert.failNotEquals(Assert.java:1413)
	at org.testng.Assert.assertEqualsImpl(Assert.java:149)
	at org.testng.Assert.assertEquals(Assert.java:131)
	at org.testng.Assert.assertEquals(Assert.java:655)
	at org.testng.Assert.assertEquals(Assert.java:665)
	at stepDefinitions.NewPatientSteps.user_is_on_the_add_new_patient_page(NewPatientSteps.java:37)
	at ?.User is on the Add New Patient Page(file:///C:/Users/einst/eclipse-workspace-new/DieticianHackathon/src/test/resources/features/NewPatient.feature:19)
</textarea>
      
      </div>
                  </div>
                  <div class="step pass-bg">
                    <span>stepDefinitions.Hooks.failedScreenshot(io.cucumber.java.Scenario)</span>
      <div>image
          <div class="row mb-3"><div class="col-md-3">
<img data-featherlight='./screenshots/embedded3.png' src="./screenshots/embedded3.png">
    
    </div></div>
</div>
      <div>
      </div>
                  </div>
                  <div class="step skip-bg">
                    <span>When User attempts to put numeric value in Full Name field as in "NewPatient_FullName" and 1</span>
      <div>Step skipped
      </div>
                  </div>
                  <div class="step skip-bg">
                    <span>Then Unable to enter and show error message as in "NewPatient_FullName" and 1</span>
      <div>Step skipped
      </div>
                  </div>
              </div>
            </div>
        </div>
  </div>
  <div class="card">
    <div class="card-header" role="tab">
      <div class="card-title">
        <div class="node" id="23"><span class="badge log fail-bg mr-2">Fail</span>"Country" Field Empty Value Validation</div>
          <div class="status-avatar float-right mr-4">
            <i class="fa fa-paperclip"></i>
          </div>
      </div>
    </div>
        <div class="scenario_outline ">
            <div class="card-body l1">
              <div class="card-header">
                <div class="card-title outline-child">
                  <div class="node" id="24"><span class="badge log fail-bg mr-2">Fail</span>"Country" Field Empty Value Validation</div>
                    <div class="status-avatar float-right">
                      <i class="fa fa-paperclip"></i>
                    </div>
                </div>
              </div>
              <div class="card-body mt-3 ">
                  <div class="step fail-bg">
                    <span>Given User is on the Add New Patient Page</span>
      <div>
        <textarea disabled class="code-block">java.lang.AssertionError: expected [New Patient] but found [www.infosayz.com]
	at org.testng.Assert.fail(Assert.java:110)
	at org.testng.Assert.failNotEquals(Assert.java:1413)
	at org.testng.Assert.assertEqualsImpl(Assert.java:149)
	at org.testng.Assert.assertEquals(Assert.java:131)
	at org.testng.Assert.assertEquals(Assert.java:655)
	at org.testng.Assert.assertEquals(Assert.java:665)
	at stepDefinitions.NewPatientSteps.user_is_on_the_add_new_patient_page(NewPatientSteps.java:37)
	at ?.User is on the Add New Patient Page(file:///C:/Users/einst/eclipse-workspace-new/DieticianHackathon/src/test/resources/features/NewPatient.feature:46)
</textarea>
      
      </div>
                  </div>
                  <div class="step pass-bg">
                    <span>stepDefinitions.Hooks.failedScreenshot(io.cucumber.java.Scenario)</span>
      <div>image
          <div class="row mb-3"><div class="col-md-3">
<img data-featherlight='./screenshots/embedded5.png' src="./screenshots/embedded5.png">
    
    </div></div>
</div>
      <div>
      </div>
                  </div>
                  <div class="step skip-bg">
                    <span>When User attempts to submit the form without selecting any value for Country field as in "NewPatient_Address" and 1</span>
      <div>Step skipped
      </div>
                  </div>
                  <div class="step skip-bg">
                    <span>Then Unable to enter and show error message as in "NewPatient_Address" and 1</span>
      <div>Step skipped
      </div>
                  </div>
              </div>
            </div>
        </div>
  </div>
  <div class="card">
    <div class="card-header" role="tab">
      <div class="card-title">
        <div class="node" id="26"><span class="badge log fail-bg mr-2">Fail</span>State, province or region Field Numeric Value Validation</div>
          <div class="status-avatar float-right mr-4">
            <i class="fa fa-paperclip"></i>
          </div>
      </div>
    </div>
        <div class="scenario_outline ">
            <div class="card-body l1">
              <div class="card-header">
                <div class="card-title outline-child">
                  <div class="node" id="27"><span class="badge log fail-bg mr-2">Fail</span>State, province or region Field Numeric Value Validation</div>
                    <div class="status-avatar float-right">
                      <i class="fa fa-paperclip"></i>
                    </div>
                </div>
              </div>
              <div class="card-body mt-3 ">
                  <div class="step fail-bg">
                    <span>Given User is on the Add New Patient Page</span>
      <div>
        <textarea disabled class="code-block">java.lang.AssertionError: expected [New Patient] but found [Dummy.com]
	at org.testng.Assert.fail(Assert.java:110)
	at org.testng.Assert.failNotEquals(Assert.java:1413)
	at org.testng.Assert.assertEqualsImpl(Assert.java:149)
	at org.testng.Assert.assertEquals(Assert.java:131)
	at org.testng.Assert.assertEquals(Assert.java:655)
	at org.testng.Assert.assertEquals(Assert.java:665)
	at stepDefinitions.NewPatientSteps.user_is_on_the_add_new_patient_page(NewPatientSteps.java:37)
	at ?.User is on the Add New Patient Page(file:///C:/Users/einst/eclipse-workspace-new/DieticianHackathon/src/test/resources/features/NewPatient.feature:73)
</textarea>
      
      </div>
                  </div>
                  <div class="step pass-bg">
                    <span>stepDefinitions.Hooks.failedScreenshot(io.cucumber.java.Scenario)</span>
      <div>image
          <div class="row mb-3"><div class="col-md-3">
<img data-featherlight='./screenshots/embedded8.png' src="./screenshots/embedded8.png">
    
    </div></div>
</div>
      <div>
      </div>
                  </div>
                  <div class="step skip-bg">
                    <span>When User attempts to put numeric value in State, province or region as in "NewPatient_Address" and 4</span>
      <div>Step skipped
      </div>
                  </div>
                  <div class="step skip-bg">
                    <span>Then Unable to enter and show error message as in "NewPatient_Address" and 4</span>
      <div>Step skipped
      </div>
                  </div>
              </div>
            </div>
        </div>
  </div>
  <div class="card">
    <div class="card-header" role="tab">
      <div class="card-title">
        <div class="node" id="69"><span class="badge log fail-bg mr-2">Fail</span>"Postal code" Field Empty Value Validation</div>
          <div class="status-avatar float-right mr-4">
            <i class="fa fa-paperclip"></i>
          </div>
      </div>
    </div>
        <div class="scenario_outline ">
            <div class="card-body l1">
              <div class="card-header">
                <div class="card-title outline-child">
                  <div class="node" id="70"><span class="badge log fail-bg mr-2">Fail</span>"Postal code" Field Empty Value Validation</div>
                    <div class="status-avatar float-right">
                      <i class="fa fa-paperclip"></i>
                    </div>
                </div>
              </div>
              <div class="card-body mt-3 ">
                  <div class="step fail-bg">
                    <span>Given User is on the Add New Patient Page</span>
      <div>
        <textarea disabled class="code-block">java.lang.AssertionError: expected [New Patient] but found [Dummy.com]
	at org.testng.Assert.fail(Assert.java:110)
	at org.testng.Assert.failNotEquals(Assert.java:1413)
	at org.testng.Assert.assertEqualsImpl(Assert.java:149)
	at org.testng.Assert.assertEquals(Assert.java:131)
	at org.testng.Assert.assertEquals(Assert.java:655)
	at org.testng.Assert.assertEquals(Assert.java:665)
	at stepDefinitions.NewPatientSteps.user_is_on_the_add_new_patient_page(NewPatientSteps.java:37)
	at ?.User is on the Add New Patient Page(file:///C:/Users/einst/eclipse-workspace-new/DieticianHackathon/src/test/resources/features/NewPatient.feature:91)
</textarea>
      
      </div>
                  </div>
                  <div class="step pass-bg">
                    <span>stepDefinitions.Hooks.failedScreenshot(io.cucumber.java.Scenario)</span>
      <div>image
          <div class="row mb-3"><div class="col-md-3">
<img data-featherlight='./screenshots/embedded12.png' src="./screenshots/embedded12.png">
    
    </div></div>
</div>
      <div>
      </div>
                  </div>
                  <div class="step skip-bg">
                    <span>When User attempts to submit the form without filling up Postal code field as in "NewPatient_Address" and 6</span>
      <div>Step skipped
      </div>
                  </div>
                  <div class="step skip-bg">
                    <span>Then Unable to enter and show error message as in "NewPatient_Address" and 6</span>
      <div>Step skipped
      </div>
                  </div>
              </div>
            </div>
        </div>
  </div>
  <div class="card">
    <div class="card-header" role="tab">
      <div class="card-title">
        <div class="node" id="72"><span class="badge log fail-bg mr-2">Fail</span>Postal code Field Wrong Data Format Validation</div>
          <div class="status-avatar float-right mr-4">
            <i class="fa fa-paperclip"></i>
          </div>
      </div>
    </div>
        <div class="scenario_outline ">
            <div class="card-body l1">
              <div class="card-header">
                <div class="card-title outline-child">
                  <div class="node" id="73"><span class="badge log fail-bg mr-2">Fail</span>Postal code Field Wrong Data Format Validation</div>
                    <div class="status-avatar float-right">
                      <i class="fa fa-paperclip"></i>
                    </div>
                </div>
              </div>
              <div class="card-body mt-3 ">
                  <div class="step fail-bg">
                    <span>Given User is on the Add New Patient Page</span>
      <div>
        <textarea disabled class="code-block">java.lang.AssertionError: expected [New Patient] but found [Dummy.com]
	at org.testng.Assert.fail(Assert.java:110)
	at org.testng.Assert.failNotEquals(Assert.java:1413)
	at org.testng.Assert.assertEqualsImpl(Assert.java:149)
	at org.testng.Assert.assertEquals(Assert.java:131)
	at org.testng.Assert.assertEquals(Assert.java:655)
	at org.testng.Assert.assertEquals(Assert.java:665)
	at stepDefinitions.NewPatientSteps.user_is_on_the_add_new_patient_page(NewPatientSteps.java:37)
	at ?.User is on the Add New Patient Page(file:///C:/Users/einst/eclipse-workspace-new/DieticianHackathon/src/test/resources/features/NewPatient.feature:100)
</textarea>
      
      </div>
                  </div>
                  <div class="step pass-bg">
                    <span>stepDefinitions.Hooks.failedScreenshot(io.cucumber.java.Scenario)</span>
      <div>image
          <div class="row mb-3"><div class="col-md-3">
<img data-featherlight='./screenshots/embedded10.png' src="./screenshots/embedded10.png">
    
    </div></div>
</div>
      <div>
      </div>
                  </div>
                  <div class="step skip-bg">
                    <span>When User entered not supported data format in Postal code field as in "NewPatient_Address" and 7</span>
      <div>Step skipped
      </div>
                  </div>
                  <div class="step skip-bg">
                    <span>Then Unable to enter and show error message as in "NewPatient_Address" and 7</span>
      <div>Step skipped
      </div>
                  </div>
              </div>
            </div>
        </div>
  </div>
  <div class="card">
    <div class="card-header" role="tab">
      <div class="card-title">
        <div class="node" id="75"><span class="badge log fail-bg mr-2">Fail</span>Email Field Empty Value Validation</div>
          <div class="status-avatar float-right mr-4">
            <i class="fa fa-paperclip"></i>
          </div>
      </div>
    </div>
        <div class="scenario_outline ">
            <div class="card-body l1">
              <div class="card-header">
                <div class="card-title outline-child">
                  <div class="node" id="76"><span class="badge log fail-bg mr-2">Fail</span>Email Field Empty Value Validation</div>
                    <div class="status-avatar float-right">
                      <i class="fa fa-paperclip"></i>
                    </div>
                </div>
              </div>
              <div class="card-body mt-3 ">
                  <div class="step fail-bg">
                    <span>Given User is on the Add New Patient Page</span>
      <div>
        <textarea disabled class="code-block">java.lang.AssertionError: expected [New Patient] but found [Dummy.com]
	at org.testng.Assert.fail(Assert.java:110)
	at org.testng.Assert.failNotEquals(Assert.java:1413)
	at org.testng.Assert.assertEqualsImpl(Assert.java:149)
	at org.testng.Assert.assertEquals(Assert.java:131)
	at org.testng.Assert.assertEquals(Assert.java:655)
	at org.testng.Assert.assertEquals(Assert.java:665)
	at stepDefinitions.NewPatientSteps.user_is_on_the_add_new_patient_page(NewPatientSteps.java:37)
	at ?.User is on the Add New Patient Page(file:///C:/Users/einst/eclipse-workspace-new/DieticianHackathon/src/test/resources/features/NewPatient.feature:109)
</textarea>
      
      </div>
                  </div>
                  <div class="step pass-bg">
                    <span>stepDefinitions.Hooks.failedScreenshot(io.cucumber.java.Scenario)</span>
      <div>image
          <div class="row mb-3"><div class="col-md-3">
<img data-featherlight='./screenshots/embedded9.png' src="./screenshots/embedded9.png">
    
    </div></div>
</div>
      <div>
      </div>
                  </div>
                  <div class="step skip-bg">
                    <span>When User does not enter any value in Email field as in "NewPatient_Email" and 0</span>
      <div>Step skipped
      </div>
                  </div>
                  <div class="step skip-bg">
                    <span>Then Unable to enter and show error message as in "NewPatient_Email" and 0</span>
      <div>Step skipped
      </div>
                  </div>
              </div>
            </div>
        </div>
  </div>
  <div class="card">
    <div class="card-header" role="tab">
      <div class="card-title">
        <div class="node" id="82"><span class="badge log fail-bg mr-2">Fail</span>Phone number Field Character Value Validation</div>
          <div class="status-avatar float-right mr-4">
            <i class="fa fa-paperclip"></i>
          </div>
      </div>
    </div>
        <div class="scenario_outline ">
            <div class="card-body l1">
              <div class="card-header">
                <div class="card-title outline-child">
                  <div class="node" id="83"><span class="badge log fail-bg mr-2">Fail</span>Phone number Field Character Value Validation</div>
                    <div class="status-avatar float-right">
                      <i class="fa fa-paperclip"></i>
                    </div>
                </div>
              </div>
              <div class="card-body mt-3 ">
                  <div class="step fail-bg">
                    <span>Given User is on the Add New Patient Page</span>
      <div>
        <textarea disabled class="code-block">java.lang.AssertionError: expected [New Patient] but found [Dummy.com]
	at org.testng.Assert.fail(Assert.java:110)
	at org.testng.Assert.failNotEquals(Assert.java:1413)
	at org.testng.Assert.assertEqualsImpl(Assert.java:149)
	at org.testng.Assert.assertEquals(Assert.java:131)
	at org.testng.Assert.assertEquals(Assert.java:655)
	at org.testng.Assert.assertEquals(Assert.java:665)
	at stepDefinitions.NewPatientSteps.user_is_on_the_add_new_patient_page(NewPatientSteps.java:37)
	at ?.User is on the Add New Patient Page(file:///C:/Users/einst/eclipse-workspace-new/DieticianHackathon/src/test/resources/features/NewPatient.feature:127)
</textarea>
      
      </div>
                  </div>
                  <div class="step pass-bg">
                    <span>stepDefinitions.Hooks.failedScreenshot(io.cucumber.java.Scenario)</span>
      <div>image
          <div class="row mb-3"><div class="col-md-3">
<img data-featherlight='./screenshots/embedded13.png' src="./screenshots/embedded13.png">
    
    </div></div>
</div>
      <div>
      </div>
                  </div>
                  <div class="step skip-bg">
                    <span>When User attempts to put characters in Phone number field as in "NewPatient_Phone" and 0</span>
      <div>Step skipped
      </div>
                  </div>
                  <div class="step skip-bg">
                    <span>Then Unable to enter and show error message as in "NewPatient_Phone" and 0</span>
      <div>Step skipped
      </div>
                  </div>
              </div>
            </div>
        </div>
  </div>
  <div class="card">
    <div class="card-header" role="tab">
      <div class="card-title">
        <div class="node" id="85"><span class="badge log fail-bg mr-2">Fail</span>Email Field Wrong Data Fomat Validation</div>
          <div class="status-avatar float-right mr-4">
            <i class="fa fa-paperclip"></i>
          </div>
      </div>
    </div>
        <div class="scenario_outline ">
            <div class="card-body l1">
              <div class="card-header">
                <div class="card-title outline-child">
                  <div class="node" id="86"><span class="badge log fail-bg mr-2">Fail</span>Email Field Wrong Data Fomat Validation</div>
                    <div class="status-avatar float-right">
                      <i class="fa fa-paperclip"></i>
                    </div>
                </div>
              </div>
              <div class="card-body mt-3 ">
                  <div class="step fail-bg">
                    <span>Given User is on the Add New Patient Page</span>
      <div>
        <textarea disabled class="code-block">java.lang.AssertionError: expected [New Patient] but found [www.infosayz.com]
	at org.testng.Assert.fail(Assert.java:110)
	at org.testng.Assert.failNotEquals(Assert.java:1413)
	at org.testng.Assert.assertEqualsImpl(Assert.java:149)
	at org.testng.Assert.assertEquals(Assert.java:131)
	at org.testng.Assert.assertEquals(Assert.java:655)
	at org.testng.Assert.assertEquals(Assert.java:665)
	at stepDefinitions.NewPatientSteps.user_is_on_the_add_new_patient_page(NewPatientSteps.java:37)
	at ?.User is on the Add New Patient Page(file:///C:/Users/einst/eclipse-workspace-new/DieticianHackathon/src/test/resources/features/NewPatient.feature:118)
</textarea>
      
      </div>
                  </div>
                  <div class="step pass-bg">
                    <span>stepDefinitions.Hooks.failedScreenshot(io.cucumber.java.Scenario)</span>
      <div>image
          <div class="row mb-3"><div class="col-md-3">
<img data-featherlight='./screenshots/embedded14.png' src="./screenshots/embedded14.png">
    
    </div></div>
</div>
      <div>
      </div>
                  </div>
                  <div class="step skip-bg">
                    <span>When User entered not supported data format in Email field as in "NewPatient_Email" and 1</span>
      <div>Step skipped
      </div>
                  </div>
                  <div class="step skip-bg">
                    <span>Then Unable to enter and show error message as in "NewPatient_Email" and 1</span>
      <div>Step skipped
      </div>
                  </div>
              </div>
            </div>
        </div>
  </div>
  <div class="card">
    <div class="card-header" role="tab">
      <div class="card-title">
        <div class="node" id="88"><span class="badge log fail-bg mr-2">Fail</span>Phone number Field Empty Value Validation</div>
          <div class="status-avatar float-right mr-4">
            <i class="fa fa-paperclip"></i>
          </div>
      </div>
    </div>
        <div class="scenario_outline ">
            <div class="card-body l1">
              <div class="card-header">
                <div class="card-title outline-child">
                  <div class="node" id="89"><span class="badge log fail-bg mr-2">Fail</span>Phone number Field Empty Value Validation</div>
                    <div class="status-avatar float-right">
                      <i class="fa fa-paperclip"></i>
                    </div>
                </div>
              </div>
              <div class="card-body mt-3 ">
                  <div class="step fail-bg">
                    <span>Given User is on the Add New Patient Page</span>
      <div>
        <textarea disabled class="code-block">java.lang.AssertionError: expected [New Patient] but found [Dummy.com]
	at org.testng.Assert.fail(Assert.java:110)
	at org.testng.Assert.failNotEquals(Assert.java:1413)
	at org.testng.Assert.assertEqualsImpl(Assert.java:149)
	at org.testng.Assert.assertEquals(Assert.java:131)
	at org.testng.Assert.assertEquals(Assert.java:655)
	at org.testng.Assert.assertEquals(Assert.java:665)
	at stepDefinitions.NewPatientSteps.user_is_on_the_add_new_patient_page(NewPatientSteps.java:37)
	at ?.User is on the Add New Patient Page(file:///C:/Users/einst/eclipse-workspace-new/DieticianHackathon/src/test/resources/features/NewPatient.feature:136)
</textarea>
      
      </div>
                  </div>
                  <div class="step pass-bg">
                    <span>stepDefinitions.Hooks.failedScreenshot(io.cucumber.java.Scenario)</span>
      <div>image
          <div class="row mb-3"><div class="col-md-3">
<img data-featherlight='./screenshots/embedded11.png' src="./screenshots/embedded11.png">
    
    </div></div>
</div>
      <div>
      </div>
                  </div>
                  <div class="step skip-bg">
                    <span>When User attempts to submit the form without filling up Phone number field as in "NewPatient_Phone" and 1</span>
      <div>Step skipped
      </div>
                  </div>
                  <div class="step skip-bg">
                    <span>Then Unable to enter and show error message as in "NewPatient_Phone" and 1</span>
      <div>Step skipped
      </div>
                  </div>
              </div>
            </div>
        </div>
  </div>
  <div class="card">
    <div class="card-header" role="tab">
      <div class="card-title">
        <div class="node" id="97"><span class="badge log fail-bg mr-2">Fail</span>Phone number should be 10 digits</div>
          <div class="status-avatar float-right mr-4">
            <i class="fa fa-paperclip"></i>
          </div>
      </div>
    </div>
        <div class="scenario_outline ">
            <div class="card-body l1">
              <div class="card-header">
                <div class="card-title outline-child">
                  <div class="node" id="98"><span class="badge log fail-bg mr-2">Fail</span>Phone number should be 10 digits</div>
                    <div class="status-avatar float-right">
                      <i class="fa fa-paperclip"></i>
                    </div>
                </div>
              </div>
              <div class="card-body mt-3 ">
                  <div class="step fail-bg">
                    <span>Given User is on the Add New Patient Page</span>
      <div>
        <textarea disabled class="code-block">java.lang.AssertionError: expected [New Patient] but found [www.infosayz.com]
	at org.testng.Assert.fail(Assert.java:110)
	at org.testng.Assert.failNotEquals(Assert.java:1413)
	at org.testng.Assert.assertEqualsImpl(Assert.java:149)
	at org.testng.Assert.assertEquals(Assert.java:131)
	at org.testng.Assert.assertEquals(Assert.java:655)
	at org.testng.Assert.assertEquals(Assert.java:665)
	at stepDefinitions.NewPatientSteps.user_is_on_the_add_new_patient_page(NewPatientSteps.java:37)
	at ?.User is on the Add New Patient Page(file:///C:/Users/einst/eclipse-workspace-new/DieticianHackathon/src/test/resources/features/NewPatient.feature:145)
</textarea>
      
      </div>
                  </div>
                  <div class="step pass-bg">
                    <span>stepDefinitions.Hooks.failedScreenshot(io.cucumber.java.Scenario)</span>
      <div>image
          <div class="row mb-3"><div class="col-md-3">
<img data-featherlight='./screenshots/embedded17.png' src="./screenshots/embedded17.png">
    
    </div></div>
</div>
      <div>
      </div>
                  </div>
                  <div class="step skip-bg">
                    <span>When User fills up the form with valid phone as in "NewPatient_Phone" and 2</span>
      <div>Step skipped
      </div>
                  </div>
                  <div class="step skip-bg">
                    <span>Then User can see Add New Patient button</span>
      <div>Step skipped
      </div>
                  </div>
              </div>
            </div>
        </div>
  </div>
  <div class="card">
    <div class="card-header" role="tab">
      <div class="card-title">
        <div class="node" id="100"><span class="badge log fail-bg mr-2">Fail</span>Phone number boundary value less then 10 digits</div>
          <div class="status-avatar float-right mr-4">
            <i class="fa fa-paperclip"></i>
          </div>
      </div>
    </div>
        <div class="scenario_outline ">
            <div class="card-body l1">
              <div class="card-header">
                <div class="card-title outline-child">
                  <div class="node" id="101"><span class="badge log fail-bg mr-2">Fail</span>Phone number boundary value less then 10 digits</div>
                    <div class="status-avatar float-right">
                      <i class="fa fa-paperclip"></i>
                    </div>
                </div>
              </div>
              <div class="card-body mt-3 ">
                  <div class="step fail-bg">
                    <span>Given User is on the Add New Patient Page</span>
      <div>
        <textarea disabled class="code-block">java.lang.AssertionError: expected [New Patient] but found [Dummy.com]
	at org.testng.Assert.fail(Assert.java:110)
	at org.testng.Assert.failNotEquals(Assert.java:1413)
	at org.testng.Assert.assertEqualsImpl(Assert.java:149)
	at org.testng.Assert.assertEquals(Assert.java:131)
	at org.testng.Assert.assertEquals(Assert.java:655)
	at org.testng.Assert.assertEquals(Assert.java:665)
	at stepDefinitions.NewPatientSteps.user_is_on_the_add_new_patient_page(NewPatientSteps.java:37)
	at ?.User is on the Add New Patient Page(file:///C:/Users/einst/eclipse-workspace-new/DieticianHackathon/src/test/resources/features/NewPatient.feature:154)
</textarea>
      
      </div>
                  </div>
                  <div class="step pass-bg">
                    <span>stepDefinitions.Hooks.failedScreenshot(io.cucumber.java.Scenario)</span>
      <div>image
          <div class="row mb-3"><div class="col-md-3">
<img data-featherlight='./screenshots/embedded15.png' src="./screenshots/embedded15.png">
    
    </div></div>
</div>
      <div>
      </div>
                  </div>
                  <div class="step skip-bg">
                    <span>When User fills up the form with Data less than 10 as in "NewPatient_Phone" and 3</span>
      <div>Step skipped
      </div>
                  </div>
                  <div class="step skip-bg">
                    <span>Then Unable to enter and show error message as in "NewPatient_Phone" and 3</span>
      <div>Step skipped
      </div>
                  </div>
              </div>
            </div>
        </div>
  </div>
  <div class="card">
    <div class="card-header" role="tab">
      <div class="card-title">
        <div class="node" id="110"><span class="badge log fail-bg mr-2">Fail</span>"Phone number " boundary value more then 10 digits</div>
          <div class="status-avatar float-right mr-4">
            <i class="fa fa-paperclip"></i>
          </div>
      </div>
    </div>
        <div class="scenario_outline ">
            <div class="card-body l1">
              <div class="card-header">
                <div class="card-title outline-child">
                  <div class="node" id="111"><span class="badge log fail-bg mr-2">Fail</span>"Phone number " boundary value more then 10 digits</div>
                    <div class="status-avatar float-right">
                      <i class="fa fa-paperclip"></i>
                    </div>
                </div>
              </div>
              <div class="card-body mt-3 ">
                  <div class="step fail-bg">
                    <span>Given User is on the Add New Patient Page</span>
      <div>
        <textarea disabled class="code-block">java.lang.AssertionError: expected [New Patient] but found [Dummy.com]
	at org.testng.Assert.fail(Assert.java:110)
	at org.testng.Assert.failNotEquals(Assert.java:1413)
	at org.testng.Assert.assertEqualsImpl(Assert.java:149)
	at org.testng.Assert.assertEquals(Assert.java:131)
	at org.testng.Assert.assertEquals(Assert.java:655)
	at org.testng.Assert.assertEquals(Assert.java:665)
	at stepDefinitions.NewPatientSteps.user_is_on_the_add_new_patient_page(NewPatientSteps.java:37)
	at ?.User is on the Add New Patient Page(file:///C:/Users/einst/eclipse-workspace-new/DieticianHackathon/src/test/resources/features/NewPatient.feature:163)
</textarea>
      
      </div>
                  </div>
                  <div class="step pass-bg">
                    <span>stepDefinitions.Hooks.failedScreenshot(io.cucumber.java.Scenario)</span>
      <div>image
          <div class="row mb-3"><div class="col-md-3">
<img data-featherlight='./screenshots/embedded18.png' src="./screenshots/embedded18.png">
    
    </div></div>
</div>
      <div>
      </div>
                  </div>
                  <div class="step skip-bg">
                    <span>When User fills up the form with Data more than 10 as in "NewPatient_Phone" and 4</span>
      <div>Step skipped
      </div>
                  </div>
                  <div class="step skip-bg">
                    <span>Then Unable to enter and show error message as in "NewPatient_Phone" and 4</span>
      <div>Step skipped
      </div>
                  </div>
              </div>
            </div>
        </div>
  </div>
  <div class="card">
    <div class="card-header" role="tab">
      <div class="card-title">
        <div class="node" id="136"><span class="badge log fail-bg mr-2">Fail</span>"Phone number" special character validation</div>
          <div class="status-avatar float-right mr-4">
            <i class="fa fa-paperclip"></i>
          </div>
      </div>
    </div>
        <div class="scenario_outline ">
            <div class="card-body l1">
              <div class="card-header">
                <div class="card-title outline-child">
                  <div class="node" id="137"><span class="badge log fail-bg mr-2">Fail</span>"Phone number" special character validation</div>
                    <div class="status-avatar float-right">
                      <i class="fa fa-paperclip"></i>
                    </div>
                </div>
              </div>
              <div class="card-body mt-3 ">
                  <div class="step fail-bg">
                    <span>Given User is on the Add New Patient Page</span>
      <div>
        <textarea disabled class="code-block">java.lang.AssertionError: expected [New Patient] but found [Dummy.com]
	at org.testng.Assert.fail(Assert.java:110)
	at org.testng.Assert.failNotEquals(Assert.java:1413)
	at org.testng.Assert.assertEqualsImpl(Assert.java:149)
	at org.testng.Assert.assertEquals(Assert.java:131)
	at org.testng.Assert.assertEquals(Assert.java:655)
	at org.testng.Assert.assertEquals(Assert.java:665)
	at stepDefinitions.NewPatientSteps.user_is_on_the_add_new_patient_page(NewPatientSteps.java:37)
	at ?.User is on the Add New Patient Page(file:///C:/Users/einst/eclipse-workspace-new/DieticianHackathon/src/test/resources/features/NewPatient.feature:172)
</textarea>
      
      </div>
                  </div>
                  <div class="step pass-bg">
                    <span>stepDefinitions.Hooks.failedScreenshot(io.cucumber.java.Scenario)</span>
      <div>image
          <div class="row mb-3"><div class="col-md-3">
<img data-featherlight='./screenshots/embedded20.png' src="./screenshots/embedded20.png">
    
    </div></div>
</div>
      <div>
      </div>
                  </div>
                  <div class="step skip-bg">
                    <span>When User fills up the phone number with invalid characters as in "NewPatient_Phone" and 5</span>
      <div>Step skipped
      </div>
                  </div>
                  <div class="step skip-bg">
                    <span>Then Unable to enter and show error message as in "NewPatient_Phone" and 5</span>
      <div>Step skipped
      </div>
                  </div>
              </div>
            </div>
        </div>
  </div>
  <div class="card">
    <div class="card-header" role="tab">
      <div class="card-title">
        <div class="node" id="145"><span class="badge log fail-bg mr-2">Fail</span>Inserting Valid New Patient data submission</div>
          <div class="status-avatar float-right mr-4">
            <i class="fa fa-paperclip"></i>
          </div>
      </div>
    </div>
        <div class="scenario_outline ">
            <div class="card-body l1">
              <div class="card-header">
                <div class="card-title outline-child">
                  <div class="node" id="146"><span class="badge log fail-bg mr-2">Fail</span>Inserting Valid New Patient data submission</div>
                    <div class="status-avatar float-right">
                      <i class="fa fa-paperclip"></i>
                    </div>
                </div>
              </div>
              <div class="card-body mt-3 ">
                  <div class="step fail-bg">
                    <span>Given User is on the Add New Patient Page</span>
      <div>
        <textarea disabled class="code-block">java.lang.AssertionError: expected [New Patient] but found [Dummy.com]
	at org.testng.Assert.fail(Assert.java:110)
	at org.testng.Assert.failNotEquals(Assert.java:1413)
	at org.testng.Assert.assertEqualsImpl(Assert.java:149)
	at org.testng.Assert.assertEquals(Assert.java:131)
	at org.testng.Assert.assertEquals(Assert.java:655)
	at org.testng.Assert.assertEquals(Assert.java:665)
	at stepDefinitions.NewPatientSteps.user_is_on_the_add_new_patient_page(NewPatientSteps.java:37)
	at ?.User is on the Add New Patient Page(file:///C:/Users/einst/eclipse-workspace-new/DieticianHackathon/src/test/resources/features/NewPatient.feature:181)
</textarea>
      
      </div>
                  </div>
                  <div class="step pass-bg">
                    <span>stepDefinitions.Hooks.failedScreenshot(io.cucumber.java.Scenario)</span>
      <div>image
          <div class="row mb-3"><div class="col-md-3">
<img data-featherlight='./screenshots/embedded21.png' src="./screenshots/embedded21.png">
    
    </div></div>
</div>
      <div>
      </div>
                  </div>
                  <div class="step skip-bg">
                    <span>When User fills up the form with Valid Data Inputs as in "ValidNewPatient" and 7</span>
      <div>Step skipped
      </div>
                  </div>
                  <div class="step skip-bg">
                    <span>Then User can see Add New Patient button</span>
      <div>Step skipped
      </div>
                  </div>
              </div>
            </div>
        </div>
  </div>
  <div class="card">
    <div class="card-header" role="tab">
      <div class="card-title">
        <div class="node" id="148"><span class="badge log fail-bg mr-2">Fail</span>Valid New Patient data submission</div>
          <div class="status-avatar float-right mr-4">
            <i class="fa fa-paperclip"></i>
          </div>
      </div>
    </div>
        <div class="scenario_outline ">
            <div class="card-body l1">
              <div class="card-header">
                <div class="card-title outline-child">
                  <div class="node" id="149"><span class="badge log fail-bg mr-2">Fail</span>Valid New Patient data submission</div>
                    <div class="status-avatar float-right">
                      <i class="fa fa-paperclip"></i>
                    </div>
                </div>
              </div>
              <div class="card-body mt-3 ">
                  <div class="step fail-bg">
                    <span>Given User is on the Add New Patient Page</span>
      <div>
        <textarea disabled class="code-block">org.openqa.selenium.WebDriverException: unknown error: cannot determine loading status
from target frame detached
  (Session info: MicrosoftEdge=102.0.1245.39)
Build info: version: '4.1.4', revision: '535d840ee2'
System info: host: 'LAPTOP-BADH85B6', ip: '192.168.0.16', os.name: 'Windows 10', os.arch: 'amd64', os.version: '10.0', java.version: '11.0.8'
Driver info: org.openqa.selenium.edge.EdgeDriver
Command: [e702459ab34311acc7e128d2fd976e85, get {url=https://dummy.com}]
Capabilities {acceptInsecureCerts: false, browserName: msedge, browserVersion: 102.0.1245.39, javascriptEnabled: true, ms:edgeOptions: {debuggerAddress: localhost:52711}, msedge: {msedgedriverVersion: 102.0.1245.39 (14b303d1f780..., userDataDir: C:\Users\einst\AppData\Loca...}, networkConnectionEnabled: false, pageLoadStrategy: normal, platform: WINDOWS, platformName: WINDOWS, proxy: Proxy(), se:cdp: ws://localhost:52711/devtoo..., se:cdpVersion: 102.0.1245.39, setWindowRect: true, strictFileInteractability: false, timeouts: {implicit: 0, pageLoad: 300000, script: 30000}, unhandledPromptBehavior: dismiss and notify, webauthn:extension:credBlob: true, webauthn:extension:largeBlob: true, webauthn:virtualAuthenticators: true}
Session ID: e702459ab34311acc7e128d2fd976e85
	at java.base/jdk.internal.reflect.NativeConstructorAccessorImpl.newInstance0(Native Method)
	at java.base/jdk.internal.reflect.NativeConstructorAccessorImpl.newInstance(NativeConstructorAccessorImpl.java:62)
	at java.base/jdk.internal.reflect.DelegatingConstructorAccessorImpl.newInstance(DelegatingConstructorAccessorImpl.java:45)
	at java.base/java.lang.reflect.Constructor.newInstance(Constructor.java:490)
	at org.openqa.selenium.remote.codec.w3c.W3CHttpResponseCodec.createException(W3CHttpResponseCodec.java:200)
	at org.openqa.selenium.remote.codec.w3c.W3CHttpResponseCodec.decode(W3CHttpResponseCodec.java:133)
	at org.openqa.selenium.remote.codec.w3c.W3CHttpResponseCodec.decode(W3CHttpResponseCodec.java:53)
	at org.openqa.selenium.remote.HttpCommandExecutor.execute(HttpCommandExecutor.java:184)
	at org.openqa.selenium.remote.service.DriverCommandExecutor.invokeExecute(DriverCommandExecutor.java:167)
	at org.openqa.selenium.remote.service.DriverCommandExecutor.execute(DriverCommandExecutor.java:142)
	at org.openqa.selenium.remote.RemoteWebDriver.execute(RemoteWebDriver.java:567)
	at org.openqa.selenium.remote.RemoteWebDriver.get(RemoteWebDriver.java:330)
	at com.base.Base.getWebDriver(Base.java:42)
	at com.base.TestContext.<init>(TestContext.java:24)
	at jdk.internal.reflect.GeneratedConstructorAccessor27.newInstance(Unknown Source)
	at java.base/jdk.internal.reflect.DelegatingConstructorAccessorImpl.newInstance(DelegatingConstructorAccessorImpl.java:45)
	at java.base/java.lang.reflect.Constructor.newInstance(Constructor.java:490)
	at org.picocontainer.injectors.AbstractInjector.newInstance(AbstractInjector.java:145)
	at org.picocontainer.injectors.ConstructorInjector$1.run(ConstructorInjector.java:342)
	at org.picocontainer.injectors.AbstractInjector$ThreadLocalCyclicDependencyGuard.observe(AbstractInjector.java:270)
	at org.picocontainer.injectors.ConstructorInjector.getComponentInstance(ConstructorInjector.java:364)
	at org.picocontainer.injectors.AbstractInjectionFactory$LifecycleAdapter.getComponentInstance(AbstractInjectionFactory.java:56)
	at org.picocontainer.behaviors.AbstractBehavior.getComponentInstance(AbstractBehavior.java:64)
	at org.picocontainer.behaviors.Stored.getComponentInstance(Stored.java:91)
	at org.picocontainer.DefaultPicoContainer.getInstance(DefaultPicoContainer.java:699)
	at org.picocontainer.DefaultPicoContainer.getComponent(DefaultPicoContainer.java:647)
	at org.picocontainer.DefaultPicoContainer.getComponent(DefaultPicoContainer.java:632)
	at org.picocontainer.parameters.BasicComponentParameter$1.resolveInstance(BasicComponentParameter.java:118)
	at org.picocontainer.parameters.ComponentParameter$1.resolveInstance(ComponentParameter.java:136)
	at org.picocontainer.injectors.SingleMemberInjector.getParameter(SingleMemberInjector.java:78)
	at org.picocontainer.injectors.ConstructorInjector$CtorAndAdapters.getParameterArguments(ConstructorInjector.java:309)
	at org.picocontainer.injectors.ConstructorInjector$1.run(ConstructorInjector.java:335)
	at org.picocontainer.injectors.AbstractInjector$ThreadLocalCyclicDependencyGuard.observe(AbstractInjector.java:270)
	at org.picocontainer.injectors.ConstructorInjector.getComponentInstance(ConstructorInjector.java:364)
	at org.picocontainer.injectors.AbstractInjectionFactory$LifecycleAdapter.getComponentInstance(AbstractInjectionFactory.java:56)
	at org.picocontainer.behaviors.AbstractBehavior.getComponentInstance(AbstractBehavior.java:64)
	at org.picocontainer.behaviors.Stored.getComponentInstance(Stored.java:91)
	at org.picocontainer.DefaultPicoContainer.getInstance(DefaultPicoContainer.java:699)
	at org.picocontainer.DefaultPicoContainer.getComponent(DefaultPicoContainer.java:647)
	at org.picocontainer.DefaultPicoContainer.getComponent(DefaultPicoContainer.java:678)
	at io.cucumber.picocontainer.PicoFactory.getInstance(PicoFactory.java:49)
	at io.cucumber.java.AbstractGlueDefinition.invokeMethod(AbstractGlueDefinition.java:47)
	at io.cucumber.java.JavaStepDefinition.execute(JavaStepDefinition.java:29)
	at io.cucumber.core.runner.CoreStepDefinition.execute(CoreStepDefinition.java:66)
	at io.cucumber.core.runner.PickleStepDefinitionMatch.runStep(PickleStepDefinitionMatch.java:63)
	at io.cucumber.core.runner.ExecutionMode$1.execute(ExecutionMode.java:10)
	at io.cucumber.core.runner.TestStep.executeStep(TestStep.java:85)
	at io.cucumber.core.runner.TestStep.run(TestStep.java:57)
	at io.cucumber.core.runner.PickleStepTestStep.run(PickleStepTestStep.java:51)
	at io.cucumber.core.runner.TestCase.run(TestCase.java:84)
	at io.cucumber.core.runner.Runner.runPickle(Runner.java:75)
	at io.cucumber.testng.TestNGCucumberRunner.lambda$runScenario$1(TestNGCucumberRunner.java:132)
	at io.cucumber.core.runtime.CucumberExecutionContext.lambda$runTestCase$5(CucumberExecutionContext.java:129)
	at io.cucumber.core.runtime.RethrowingThrowableCollector.executeAndThrow(RethrowingThrowableCollector.java:23)
	at io.cucumber.core.runtime.CucumberExecutionContext.runTestCase(CucumberExecutionContext.java:129)
	at io.cucumber.testng.TestNGCucumberRunner.runScenario(TestNGCucumberRunner.java:129)
	at io.cucumber.testng.AbstractTestNGCucumberTests.runScenario(AbstractTestNGCucumberTests.java:35)
	at jdk.internal.reflect.GeneratedMethodAccessor92.invoke(Unknown Source)
	at java.base/jdk.internal.reflect.DelegatingMethodAccessorImpl.invoke(DelegatingMethodAccessorImpl.java:43)
	at java.base/java.lang.reflect.Method.invoke(Method.java:566)
	at org.testng.internal.invokers.MethodInvocationHelper.invokeMethod(MethodInvocationHelper.java:135)
	at org.testng.internal.invokers.TestInvoker.invokeMethod(TestInvoker.java:673)
	at org.testng.internal.invokers.TestInvoker.invokeTestMethod(TestInvoker.java:220)
	at org.testng.internal.invokers.TestMethodWithDataProviderMethodWorker.call(TestMethodWithDataProviderMethodWorker.java:80)
	at org.testng.internal.invokers.TestMethodWithDataProviderMethodWorker.call(TestMethodWithDataProviderMethodWorker.java:17)
	at java.base/java.util.concurrent.FutureTask.run(FutureTask.java:264)
	at java.base/java.util.concurrent.Executors$RunnableAdapter.call(Executors.java:515)
	at java.base/java.util.concurrent.FutureTask.run(FutureTask.java:264)
	at java.base/java.util.concurrent.ThreadPoolExecutor.runWorker(ThreadPoolExecutor.java:1128)
	at java.base/java.util.concurrent.ThreadPoolExecutor$Worker.run(ThreadPoolExecutor.java:628)
	at java.base/java.lang.Thread.run(Thread.java:834)
</textarea>
      
      </div>
                  </div>
                  <div class="step pass-bg">
                    <span>stepDefinitions.Hooks.failedScreenshot(io.cucumber.java.Scenario)</span>
      <div>image
          <div class="row mb-3"><div class="col-md-3">
<img data-featherlight='./screenshots/embedded22.png' src="./screenshots/embedded22.png">
    
    </div></div>
</div>
      <div>
      </div>
                  </div>
                  <div class="step skip-bg">
                    <span>When User clicks on the Add New Patient button after entering valid Patient data as in "ValidNewPatient" and 7</span>
      <div>Step skipped
      </div>
                  </div>
                  <div class="step skip-bg">
                    <span>Then User lands on My Patients page with the "New Patient" details displayed</span>
      <div>Step skipped
      </div>
                  </div>
              </div>
            </div>
        </div>
  </div>
</div>
          </div>
        </li>
      </ul>
    </div>
  </div>
<div class="test-content scrollable">
<div class="test-content-tools">
<ul><li><a class="back-to-test" href="#"><i class="fa fa-arrow-left"></i></a></li></ul>
</div>
<div class="test-content-detail"><div class="detail-body"></div></div>
</div></div>
<div class="test-wrapper row view exception-view attributes-view">
<div class="test-list">
<div class="test-list-tools">
<ul class="tools pull-left"><li><a href=""><span class="font-size-14">Exception</span></a></li></ul>
<ul class="tools text-right"><li><a href="#"><span class="badge badge-primary">2</span></a></li></ul>
</div>
<div class="test-list-wrapper scrollable">
<ul class="test-list-item">
<li class="test-item">
<div class="test-detail">
<span class="meta">
<span class='badge log badge-danger'>19</span>
</span>
<p class="name">java.lang.AssertionError</p>
<p class="duration text-sm">19 tests</p>
</div>
<div class="test-contents d-none">
<div class="info">
<h4>java.lang.AssertionError</h4>
<span status="fail" class='badge log badge-danger'>19 failed</span>
</div>
<table class='table table-sm mt-4'>
<thead>
<tr>
<th class="status-col">Status</th>
<th class="timestamp-col">Timestamp</th>
<th>TestName</th>
</tr>
</thead>
<tbody>
<tr class="tag-test-status" status="fail">
<td><span class="badge log fail-bg">Fail</span></td>
<td>11:15:41 AM</td>
<td>
<a href="#" class="linked" test-id='1' id='19'>Given User is on the Add New Patient Page</a>
<div class="">
<span class="badge badge-default">Add New Patient Page.City Field Numeric Value Validation.Given User is on the Add New Patient Page</span>
</div>
</td>
</tr>
<tr class="tag-test-status" status="fail">
<td><span class="badge log fail-bg">Fail</span></td>
<td>11:15:41 AM</td>
<td>
<a href="#" class="linked" test-id='1' id='16'>Given User is on the Add New Patient Page</a>
<div class="">
<span class="badge badge-default">Add New Patient Page.City Field Empty Value Validation.Given User is on the Add New Patient Page</span>
</div>
</td>
</tr>
<tr class="tag-test-status" status="fail">
<td><span class="badge log fail-bg">Fail</span></td>
<td>11:15:41 AM</td>
<td>
<a href="#" class="linked" test-id='1' id='13'>Given User is on the Add New Patient Page</a>
<div class="">
<span class="badge badge-default">Add New Patient Page."Addess line 1" Field Empty Value Validation.Given User is on the Add New Patient Page</span>
</div>
</td>
</tr>
<tr class="tag-test-status" status="fail">
<td><span class="badge log fail-bg">Fail</span></td>
<td>11:15:41 AM</td>
<td>
<a href="#" class="linked" test-id='1' id='22'>Given User is on the Add New Patient Page</a>
<div class="">
<span class="badge badge-default">Add New Patient Page."Full Name" Field Numeric Value Validation.Given User is on the Add New Patient Page</span>
</div>
</td>
</tr>
<tr class="tag-test-status" status="fail">
<td><span class="badge log fail-bg">Fail</span></td>
<td>11:15:41 AM</td>
<td>
<a href="#" class="linked" test-id='1' id='10'>Given User is on the Add New Patient Page</a>
<div class="">
<span class="badge badge-default">Add New Patient Page."Full Name" Field Empty Value Validation.Given User is on the Add New Patient Page</span>
</div>
</td>
</tr>
<tr class="tag-test-status" status="fail">
<td><span class="badge log fail-bg">Fail</span></td>
<td>11:15:41 AM</td>
<td>
<a href="#" class="linked" test-id='1' id='25'>Given User is on the Add New Patient Page</a>
<div class="">
<span class="badge badge-default">Add New Patient Page."Country" Field Empty Value Validation.Given User is on the Add New Patient Page</span>
</div>
</td>
</tr>
<tr class="tag-test-status" status="fail">
<td><span class="badge log fail-bg">Fail</span></td>
<td>11:15:41 AM</td>
<td>
<a href="#" class="linked" test-id='1' id='29'>Given User is on the Add New Patient Page</a>
<div class="">
<span class="badge badge-default">Add New Patient Page.Add New Patient Details.Given User is on the Add New Patient Page</span>
</div>
</td>
</tr>
<tr class="tag-test-status" status="fail">
<td><span class="badge log fail-bg">Fail</span></td>
<td>11:15:41 AM</td>
<td>
<a href="#" class="linked" test-id='1' id='28'>Given User is on the Add New Patient Page</a>
<div class="">
<span class="badge badge-default">Add New Patient Page.State, province or region Field Numeric Value Validation.Given User is on the Add New Patient Page</span>
</div>
</td>
</tr>
<tr class="tag-test-status" status="fail">
<td><span class="badge log fail-bg">Fail</span></td>
<td>11:17:04 AM</td>
<td>
<a href="#" class="linked" test-id='1' id='77'>Given User is on the Add New Patient Page</a>
<div class="">
<span class="badge badge-default">Add New Patient Page.Email Field Empty Value Validation.Given User is on the Add New Patient Page</span>
</div>
</td>
</tr>
<tr class="tag-test-status" status="fail">
<td><span class="badge log fail-bg">Fail</span></td>
<td>11:17:03 AM</td>
<td>
<a href="#" class="linked" test-id='1' id='74'>Given User is on the Add New Patient Page</a>
<div class="">
<span class="badge badge-default">Add New Patient Page.Postal code Field Wrong Data Format Validation.Given User is on the Add New Patient Page</span>
</div>
</td>
</tr>
<tr class="tag-test-status" status="fail">
<td><span class="badge log fail-bg">Fail</span></td>
<td>11:17:07 AM</td>
<td>
<a href="#" class="linked" test-id='1' id='90'>Given User is on the Add New Patient Page</a>
<div class="">
<span class="badge badge-default">Add New Patient Page.Phone number Field Empty Value Validation.Given User is on the Add New Patient Page</span>
</div>
</td>
</tr>
<tr class="tag-test-status" status="fail">
<td><span class="badge log fail-bg">Fail</span></td>
<td>11:17:03 AM</td>
<td>
<a href="#" class="linked" test-id='1' id='71'>Given User is on the Add New Patient Page</a>
<div class="">
<span class="badge badge-default">Add New Patient Page."Postal code" Field Empty Value Validation.Given User is on the Add New Patient Page</span>
</div>
</td>
</tr>
<tr class="tag-test-status" status="fail">
<td><span class="badge log fail-bg">Fail</span></td>
<td>11:17:05 AM</td>
<td>
<a href="#" class="linked" test-id='1' id='84'>Given User is on the Add New Patient Page</a>
<div class="">
<span class="badge badge-default">Add New Patient Page.Phone number Field Character Value Validation.Given User is on the Add New Patient Page</span>
</div>
</td>
</tr>
<tr class="tag-test-status" status="fail">
<td><span class="badge log fail-bg">Fail</span></td>
<td>11:17:05 AM</td>
<td>
<a href="#" class="linked" test-id='1' id='87'>Given User is on the Add New Patient Page</a>
<div class="">
<span class="badge badge-default">Add New Patient Page.Email Field Wrong Data Fomat Validation.Given User is on the Add New Patient Page</span>
</div>
</td>
</tr>
<tr class="tag-test-status" status="fail">
<td><span class="badge log fail-bg">Fail</span></td>
<td>11:17:28 AM</td>
<td>
<a href="#" class="linked" test-id='1' id='102'>Given User is on the Add New Patient Page</a>
<div class="">
<span class="badge badge-default">Add New Patient Page.Phone number boundary value less then 10 digits.Given User is on the Add New Patient Page</span>
</div>
</td>
</tr>
<tr class="tag-test-status" status="fail">
<td><span class="badge log fail-bg">Fail</span></td>
<td>11:17:27 AM</td>
<td>
<a href="#" class="linked" test-id='1' id='99'>Given User is on the Add New Patient Page</a>
<div class="">
<span class="badge badge-default">Add New Patient Page.Phone number should be 10 digits.Given User is on the Add New Patient Page</span>
</div>
</td>
</tr>
<tr class="tag-test-status" status="fail">
<td><span class="badge log fail-bg">Fail</span></td>
<td>11:17:43 AM</td>
<td>
<a href="#" class="linked" test-id='1' id='112'>Given User is on the Add New Patient Page</a>
<div class="">
<span class="badge badge-default">Add New Patient Page."Phone number " boundary value more then 10 digits.Given User is on the Add New Patient Page</span>
</div>
</td>
</tr>
<tr class="tag-test-status" status="fail">
<td><span class="badge log fail-bg">Fail</span></td>
<td>11:17:57 AM</td>
<td>
<a href="#" class="linked" test-id='1' id='138'>Given User is on the Add New Patient Page</a>
<div class="">
<span class="badge badge-default">Add New Patient Page."Phone number" special character validation.Given User is on the Add New Patient Page</span>
</div>
</td>
</tr>
<tr class="tag-test-status" status="fail">
<td><span class="badge log fail-bg">Fail</span></td>
<td>11:18:00 AM</td>
<td>
<a href="#" class="linked" test-id='1' id='147'>Given User is on the Add New Patient Page</a>
<div class="">
<span class="badge badge-default">Add New Patient Page.Inserting Valid New Patient data submission.Given User is on the Add New Patient Page</span>
</div>
</td>
</tr>
</tbody>
</table>
</div>
</li>
<li class="test-item">
<div class="test-detail">
<span class="meta">
<span class='badge log badge-danger'>4</span>
</span>
<p class="name">org.openqa.selenium.WebDriverException</p>
<p class="duration text-sm">4 tests</p>
</div>
<div class="test-contents d-none">
<div class="info">
<h4>org.openqa.selenium.WebDriverException</h4>
<span status="fail" class='badge log badge-danger'>4 failed</span>
</div>
<table class='table table-sm mt-4'>
<thead>
<tr>
<th class="status-col">Status</th>
<th class="timestamp-col">Timestamp</th>
<th>TestName</th>
</tr>
</thead>
<tbody>
<tr class="tag-test-status" status="fail">
<td><span class="badge log fail-bg">Fail</span></td>
<td>11:15:41 AM</td>
<td>
<a href="#" class="linked" test-id='1' id='7'>Given User is on the Add New Patient Page</a>
<div class="">
<span class="badge badge-default">Add New Patient Page.State, province or region Field Empty Value Validation.Given User is on the Add New Patient Page</span>
</div>
</td>
</tr>
<tr class="tag-test-status" status="fail">
<td><span class="badge log fail-bg">Fail</span></td>
<td>11:15:41 AM</td>
<td>
<a href="#" class="linked" test-id='1' id='30'>Given User is on the Add New Patient Page</a>
<div class="">
<span class="badge badge-default">Add New Patient Page.Empty Form submission For Add New Patient Details.Given User is on the Add New Patient Page</span>
</div>
</td>
</tr>
<tr class="tag-test-status" status="fail">
<td><span class="badge log fail-bg">Fail</span></td>
<td>11:17:05 AM</td>
<td>
<a href="#" class="linked" test-id='1' id='81'>stepDefinitions.Hooks.tearDown()</a>
<div class="">
<span class="badge badge-default">Add New Patient Page.Add New Patient Details.stepDefinitions.Hooks.tearDown()</span>
</div>
</td>
</tr>
<tr class="tag-test-status" status="fail">
<td><span class="badge log fail-bg">Fail</span></td>
<td>11:18:06 AM</td>
<td>
<a href="#" class="linked" test-id='1' id='150'>Given User is on the Add New Patient Page</a>
<div class="">
<span class="badge badge-default">Add New Patient Page.Valid New Patient data submission.Given User is on the Add New Patient Page</span>
</div>
</td>
</tr>
</tbody>
</table>
</div>
</li>
</ul>
</div>
</div>
<div class="test-content scrollable">
<div class="test-content-detail">
<div class="detail-body"></div>
</div>
</div>
</div><div class="test-wrapper row view category-view attributes-view">
<div class="test-list">
<div class="test-list-tools">
<ul class="tools pull-left"><li><a href=""><span class="font-size-14">Category</span></a></li></ul>
<ul class="tools text-right"><li><a href="#"><span class="badge badge-primary">1</span></a></li></ul>
</div>
<div class="test-list-wrapper scrollable">
<ul class="test-list-item">
<li class="test-item">
<div class="test-detail">
<span class="meta">
<span class='badge log badge-danger'>23</span>
</span>
<p class="name">@DieticianLogin</p>
<p class="duration text-sm">23 tests</p>
</div>
<div class="test-contents d-none">
<div class="info">
<h4>@DieticianLogin</h4>
<span status="fail" class='badge log badge-danger'>23 failed</span>
</div>
<table class='table table-sm mt-4'>
<thead>
<tr>
<th class="status-col">Status</th>
<th class="timestamp-col">Timestamp</th>
<th>TestName</th>
</tr>
</thead>
<tbody>
<tr class="tag-test-status" status="fail">
<td><span class="badge log fail-bg">Fail</span></td>
<td>11:15:41 AM</td>
<td>
<a href="#" class="linked" test-id='1' id='2'>Add New Patient Details</a>
<div class="">
<span class="badge badge-default">Add New Patient Page.Add New Patient Details</span>
</div>
</td>
</tr>
<tr class="tag-test-status" status="fail">
<td><span class="badge log fail-bg">Fail</span></td>
<td>11:15:41 AM</td>
<td>
<a href="#" class="linked" test-id='1' id='4'>Empty Form submission For Add New Patient Details</a>
<div class="">
<span class="badge badge-default">Add New Patient Page.Empty Form submission For Add New Patient Details</span>
</div>
</td>
</tr>
<tr class="tag-test-status" status="fail">
<td><span class="badge log fail-bg">Fail</span></td>
<td>11:15:41 AM</td>
<td>
<a href="#" class="linked" test-id='1' id='6'>State, province or region Field Empty Value Validation</a>
<div class="">
<span class="badge badge-default">Add New Patient Page.State, province or region Field Empty Value Validation</span>
</div>
</td>
</tr>
<tr class="tag-test-status" status="fail">
<td><span class="badge log fail-bg">Fail</span></td>
<td>11:15:41 AM</td>
<td>
<a href="#" class="linked" test-id='1' id='9'>"Full Name" Field Empty Value Validation</a>
<div class="">
<span class="badge badge-default">Add New Patient Page."Full Name" Field Empty Value Validation</span>
</div>
</td>
</tr>
<tr class="tag-test-status" status="fail">
<td><span class="badge log fail-bg">Fail</span></td>
<td>11:15:41 AM</td>
<td>
<a href="#" class="linked" test-id='1' id='12'>"Addess line 1" Field Empty Value Validation</a>
<div class="">
<span class="badge badge-default">Add New Patient Page."Addess line 1" Field Empty Value Validation</span>
</div>
</td>
</tr>
<tr class="tag-test-status" status="fail">
<td><span class="badge log fail-bg">Fail</span></td>
<td>11:15:41 AM</td>
<td>
<a href="#" class="linked" test-id='1' id='15'>City Field Empty Value Validation</a>
<div class="">
<span class="badge badge-default">Add New Patient Page.City Field Empty Value Validation</span>
</div>
</td>
</tr>
<tr class="tag-test-status" status="fail">
<td><span class="badge log fail-bg">Fail</span></td>
<td>11:15:41 AM</td>
<td>
<a href="#" class="linked" test-id='1' id='18'>City Field Numeric Value Validation</a>
<div class="">
<span class="badge badge-default">Add New Patient Page.City Field Numeric Value Validation</span>
</div>
</td>
</tr>
<tr class="tag-test-status" status="fail">
<td><span class="badge log fail-bg">Fail</span></td>
<td>11:15:41 AM</td>
<td>
<a href="#" class="linked" test-id='1' id='21'>"Full Name" Field Numeric Value Validation</a>
<div class="">
<span class="badge badge-default">Add New Patient Page."Full Name" Field Numeric Value Validation</span>
</div>
</td>
</tr>
<tr class="tag-test-status" status="fail">
<td><span class="badge log fail-bg">Fail</span></td>
<td>11:15:41 AM</td>
<td>
<a href="#" class="linked" test-id='1' id='24'>"Country" Field Empty Value Validation</a>
<div class="">
<span class="badge badge-default">Add New Patient Page."Country" Field Empty Value Validation</span>
</div>
</td>
</tr>
<tr class="tag-test-status" status="fail">
<td><span class="badge log fail-bg">Fail</span></td>
<td>11:15:41 AM</td>
<td>
<a href="#" class="linked" test-id='1' id='27'>State, province or region Field Numeric Value Validation</a>
<div class="">
<span class="badge badge-default">Add New Patient Page.State, province or region Field Numeric Value Validation</span>
</div>
</td>
</tr>
<tr class="tag-test-status" status="fail">
<td><span class="badge log fail-bg">Fail</span></td>
<td>11:17:03 AM</td>
<td>
<a href="#" class="linked" test-id='1' id='70'>"Postal code" Field Empty Value Validation</a>
<div class="">
<span class="badge badge-default">Add New Patient Page."Postal code" Field Empty Value Validation</span>
</div>
</td>
</tr>
<tr class="tag-test-status" status="fail">
<td><span class="badge log fail-bg">Fail</span></td>
<td>11:17:03 AM</td>
<td>
<a href="#" class="linked" test-id='1' id='73'>Postal code Field Wrong Data Format Validation</a>
<div class="">
<span class="badge badge-default">Add New Patient Page.Postal code Field Wrong Data Format Validation</span>
</div>
</td>
</tr>
<tr class="tag-test-status" status="fail">
<td><span class="badge log fail-bg">Fail</span></td>
<td>11:17:04 AM</td>
<td>
<a href="#" class="linked" test-id='1' id='76'>Email Field Empty Value Validation</a>
<div class="">
<span class="badge badge-default">Add New Patient Page.Email Field Empty Value Validation</span>
</div>
</td>
</tr>
<tr class="tag-test-status" status="fail">
<td><span class="badge log fail-bg">Fail</span></td>
<td>11:17:05 AM</td>
<td>
<a href="#" class="linked" test-id='1' id='83'>Phone number Field Character Value Validation</a>
<div class="">
<span class="badge badge-default">Add New Patient Page.Phone number Field Character Value Validation</span>
</div>
</td>
</tr>
<tr class="tag-test-status" status="fail">
<td><span class="badge log fail-bg">Fail</span></td>
<td>11:17:05 AM</td>
<td>
<a href="#" class="linked" test-id='1' id='86'>Email Field Wrong Data Fomat Validation</a>
<div class="">
<span class="badge badge-default">Add New Patient Page.Email Field Wrong Data Fomat Validation</span>
</div>
</td>
</tr>
<tr class="tag-test-status" status="fail">
<td><span class="badge log fail-bg">Fail</span></td>
<td>11:17:07 AM</td>
<td>
<a href="#" class="linked" test-id='1' id='89'>Phone number Field Empty Value Validation</a>
<div class="">
<span class="badge badge-default">Add New Patient Page.Phone number Field Empty Value Validation</span>
</div>
</td>
</tr>
<tr class="tag-test-status" status="fail">
<td><span class="badge log fail-bg">Fail</span></td>
<td>11:17:27 AM</td>
<td>
<a href="#" class="linked" test-id='1' id='98'>Phone number should be 10 digits</a>
<div class="">
<span class="badge badge-default">Add New Patient Page.Phone number should be 10 digits</span>
</div>
</td>
</tr>
<tr class="tag-test-status" status="fail">
<td><span class="badge log fail-bg">Fail</span></td>
<td>11:17:28 AM</td>
<td>
<a href="#" class="linked" test-id='1' id='100'>Phone number boundary value less then 10 digits</a>
<div class="">
<span class="badge badge-default">Add New Patient Page.Phone number boundary value less then 10 digits</span>
</div>
</td>
</tr>
<tr class="tag-test-status" status="fail">
<td><span class="badge log fail-bg">Fail</span></td>
<td>11:17:28 AM</td>
<td>
<a href="#" class="linked" test-id='1' id='101'>Phone number boundary value less then 10 digits</a>
<div class="">
<span class="badge badge-default">Add New Patient Page.Phone number boundary value less then 10 digits</span>
</div>
</td>
</tr>
<tr class="tag-test-status" status="fail">
<td><span class="badge log fail-bg">Fail</span></td>
<td>11:17:43 AM</td>
<td>
<a href="#" class="linked" test-id='1' id='111'>"Phone number " boundary value more then 10 digits</a>
<div class="">
<span class="badge badge-default">Add New Patient Page."Phone number " boundary value more then 10 digits</span>
</div>
</td>
</tr>
<tr class="tag-test-status" status="fail">
<td><span class="badge log fail-bg">Fail</span></td>
<td>11:17:57 AM</td>
<td>
<a href="#" class="linked" test-id='1' id='137'>"Phone number" special character validation</a>
<div class="">
<span class="badge badge-default">Add New Patient Page."Phone number" special character validation</span>
</div>
</td>
</tr>
<tr class="tag-test-status" status="fail">
<td><span class="badge log fail-bg">Fail</span></td>
<td>11:18:00 AM</td>
<td>
<a href="#" class="linked" test-id='1' id='146'>Inserting Valid New Patient data submission</a>
<div class="">
<span class="badge badge-default">Add New Patient Page.Inserting Valid New Patient data submission</span>
</div>
</td>
</tr>
<tr class="tag-test-status" status="fail">
<td><span class="badge log fail-bg">Fail</span></td>
<td>11:18:06 AM</td>
<td>
<a href="#" class="linked" test-id='1' id='149'>Valid New Patient data submission</a>
<div class="">
<span class="badge badge-default">Add New Patient Page.Valid New Patient data submission</span>
</div>
</td>
</tr>
</tbody>
</table>
</div>
</li>
</ul>
</div>
</div>
<div class="test-content scrollable">
<div class="test-content-detail">
<div class="detail-body"></div>
</div>
</div>
</div><div class="container-fluid p-4 view dashboard-view">
<div class="row">
<div class="col-md-3">
<div class="card"><div class="card-body">
<p class="m-b-0">Started</p>
<h3>Jun 13, 2022 11:15:38 AM</h3>
</div></div>
</div>
<div class="col-md-3">
<div class="card"><div class="card-body">
<p class="m-b-0">Ended</p>
<h3>Jun 13, 2022 11:19:21 AM</h3>
</div></div>
</div>
<div class="col-md-3">
<div class="card"><div class="card-body">
<p class="m-b-0 text-pass">Features Passed</p>
<h3>0</h3>
</div></div>
</div>
<div class="col-md-3">
<div class="card"><div class="card-body">
<p class="m-b-0 text-fail">Features Failed</p>
<h3>1</h3>
</div></div>
</div>
</div>
<div class="row">
<div class="col-md-4">
<div class="card">
<div class="card-header">
<h6 class="card-title">Features</h6>
</div>
<div class="card-body">
<div class="">
<canvas id='parent-analysis' width='115' height='90'></canvas>
</div>
</div>
<div class="card-footer">
<div><small data-tooltip='0%'>
<b>0</b> features passed
</small>
</div>
<div>
<small data-tooltip='100%'><b>1</b> features failed,
<b>0</b> skipped, <b data-tooltip='0%'>0</b> others
</small>
</div>
</div>
</div>
</div>
<div class="col-md-4">
<div class="card">
<div class="card-header">
<h6 class="card-title">Scenarios</h6>
</div>
<div class="card-body">
<div class="">
<canvas id='child-analysis' width='115' height='90'></canvas>
</div>
</div>
<div class="card-footer">
<div><small data-tooltip='0%'><b>0</b> scenarios passed</small></div>
<div>
<small data-tooltip='100%'><b>22</b> scenarios failed,
<b>0</b> skipped, <b data-tooltip='%'>0</b> others
</small>
</div>
</div>
</div>
</div>
<div class="col-md-4">
<div class="card">
<div class="card-header">
<h6 class="card-title">Steps</h6>
</div>
<div class="card-body">
<div class="">
<canvas id='grandchild-analysis' width='115' height='90'></canvas>
</div>
</div>
<div class="card-footer">
<div><small data-tooltip='25%'><b>22</b> steps passed</small></div>
<div>
<small data-tooltip='26%'><b>23</b> steps failed,
<b>43</b> skipped, <b data-tooltip='%'>0</b> others
</small>
</div>
</div>
</div>
</div>
</div>
<div class="row"><div class="col-md-12">
<div class="card"><div class="card-header"><p>Timeline</p></div>
<div class="card-body pt-0"><div>
<canvas id="timeline" height="120"></canvas>
</div></div>
</div>
</div></div>
<script>
var timeline = {
"Add New Patient Page":220.521
};
</script>
<div class="row">
<div class="col-lg-6 col-md-12 category-container">
<div class="card">
<div class="card-header"><p>Tags</p></div>
<div class="card-body pb-0 pt-0"><table class="table table-sm table-bordered">
<thead><tr class="bg-gray"><th>Name</th><th>Passed</th><th>Failed</th><th>Skipped</th><th>Others</th><th>Passed %</th></tr></thead><tbody>
<tr>
<td>@DieticianLogin</td>
<td>0</td>
<td>23</td>
<td>0</td>
<td>0</td>
<td>0%</td>
</tr>
</tbody>
</table></div>
</div>
</div>
</div>
</div>
<script>
var statusGroup = {
parentCount: 5,
passParent: 0,
failParent: 1,
warningParent: 0,
skipParent: 0,
childCount: 5,
passChild: 0,
failChild: 22,
warningChild: 0,
skipChild: 0,
infoChild: 0,
grandChildCount: 5,
passGrandChild: 22,
failGrandChild: 23,
warningGrandChild: 0,
skipGrandChild: 43,
infoGrandChild: 0,
eventsCount: 5,
};
</script>        </div>
      </div>
    </div>
  </div>
<script src="https://cdn.jsdelivr.net/gh/extent-framework/extent-github-cdn@d6562a79075e061305ccfdb82f01e5e195e2d307/spark/js/spark-script.js"></script>
<script type="text/javascript"></script></body>
</html>