<?xml version="1.0" encoding="UTF-8"?>
<!-- Generated by org.testng.reporters.JUnitReportReporter -->
<testsuite hostname="LAPTOP-BADH85B6" failures="11" tests="11" name="runner.TestNgRunner" time="675.642" errors="0" timestamp="2022-06-13T00:57:53 MST" skipped="0">
  <testcase classname="runner.TestNgRunner" name="runScenario" time="63.641">
    <failure message="expected [Dietician Home] but found [Dummy.com]" type="java.lang.AssertionError">
      <![CDATA[java.lang.AssertionError: expected [Dietician Home] but found [Dummy.com]
at org.testng.Assert.fail(Assert.java:110)
at org.testng.Assert.failNotEquals(Assert.java:1413)
at org.testng.Assert.assertEqualsImpl(Assert.java:149)
at org.testng.Assert.assertEquals(Assert.java:131)
at org.testng.Assert.assertEquals(Assert.java:655)
at org.testng.Assert.assertEquals(Assert.java:665)
at stepDefinitions.DieticianHomeSteps.user_is_on_the_dietician_home_page(DieticianHomeSteps.java:26)
at ✽.User is on the Dietician Home page(file:///C:/Users/einst/eclipse-workspace-new/DieticianHackathon/src/test/resources/features/DieticianHome.feature:5)
]]>
    </failure>
  </testcase> <!-- runScenario -->
  <system-out/>
  <testcase classname="runner.TestNgRunner" name="runScenario" time="63.659">
    <failure message="expected [Dietician Home] but found [www.infosayz.com]" type="java.lang.AssertionError">
      <![CDATA[java.lang.AssertionError: expected [Dietician Home] but found [www.infosayz.com]
at org.testng.Assert.fail(Assert.java:110)
at org.testng.Assert.failNotEquals(Assert.java:1413)
at org.testng.Assert.assertEqualsImpl(Assert.java:149)
at org.testng.Assert.assertEquals(Assert.java:131)
at org.testng.Assert.assertEquals(Assert.java:655)
at org.testng.Assert.assertEquals(Assert.java:665)
at stepDefinitions.DieticianHomeSteps.user_is_on_the_dietician_home_page(DieticianHomeSteps.java:26)
at ✽.User is on the Dietician Home page(file:///C:/Users/einst/eclipse-workspace-new/DieticianHackathon/src/test/resources/features/DieticianHome.feature:13)
]]>
    </failure>
  </testcase> <!-- runScenario -->
  <system-out/>
  <testcase classname="runner.TestNgRunner" name="runScenario" time="65.023">
    <failure message="expected [Dietician Home] but found [www.infosayz.com]" type="java.lang.AssertionError">
      <![CDATA[java.lang.AssertionError: expected [Dietician Home] but found [www.infosayz.com]
at org.testng.Assert.fail(Assert.java:110)
at org.testng.Assert.failNotEquals(Assert.java:1413)
at org.testng.Assert.assertEqualsImpl(Assert.java:149)
at org.testng.Assert.assertEquals(Assert.java:131)
at org.testng.Assert.assertEquals(Assert.java:655)
at org.testng.Assert.assertEquals(Assert.java:665)
at stepDefinitions.DieticianHomeSteps.user_is_on_the_dietician_home_page(DieticianHomeSteps.java:26)
at ✽.User is on the Dietician Home page(file:///C:/Users/einst/eclipse-workspace-new/DieticianHackathon/src/test/resources/features/DieticianHome.feature:40)
]]>
    </failure>
  </testcase> <!-- runScenario -->
  <system-out/>
  <testcase classname="runner.TestNgRunner" name="runScenario" time="67.598">
    <failure message="expected [Dietician Home] but found [Reported Unsafe Site: Navigation Blocked]" type="java.lang.AssertionError">
      <![CDATA[java.lang.AssertionError: expected [Dietician Home] but found [Reported Unsafe Site: Navigation Blocked]
at org.testng.Assert.fail(Assert.java:110)
at org.testng.Assert.failNotEquals(Assert.java:1413)
at org.testng.Assert.assertEqualsImpl(Assert.java:149)
at org.testng.Assert.assertEquals(Assert.java:131)
at org.testng.Assert.assertEquals(Assert.java:655)
at org.testng.Assert.assertEquals(Assert.java:665)
at stepDefinitions.DieticianHomeSteps.user_is_on_the_dietician_home_page(DieticianHomeSteps.java:26)
at ✽.User is on the Dietician Home page(file:///C:/Users/einst/eclipse-workspace-new/DieticianHackathon/src/test/resources/features/DieticianHome.feature:26)
]]>
    </failure>
  </testcase> <!-- runScenario -->
  <system-out/>
  <testcase classname="runner.TestNgRunner" name="runScenario" time="23.525">
    <failure message="expected [Dietician Home] but found [www.infosayz.com]" type="java.lang.AssertionError">
      <![CDATA[java.lang.AssertionError: expected [Dietician Home] but found [www.infosayz.com]
at org.testng.Assert.fail(Assert.java:110)
at org.testng.Assert.failNotEquals(Assert.java:1413)
at org.testng.Assert.assertEqualsImpl(Assert.java:149)
at org.testng.Assert.assertEquals(Assert.java:131)
at org.testng.Assert.assertEquals(Assert.java:655)
at org.testng.Assert.assertEquals(Assert.java:665)
at stepDefinitions.DieticianHomeSteps.user_is_on_the_dietician_home_page(DieticianHomeSteps.java:26)
at ✽.User is on the Dietician Home page(file:///C:/Users/einst/eclipse-workspace-new/DieticianHackathon/src/test/resources/features/DieticianHome.feature:48)
]]>
    </failure>
  </testcase> <!-- runScenario -->
  <system-out/>
  <testcase classname="runner.TestNgRunner" name="runScenario" time="65.035">
    <failure message="expected [Dietician Home] but found [Dummy.com]" type="java.lang.AssertionError">
      <![CDATA[java.lang.AssertionError: expected [Dietician Home] but found [Dummy.com]
at org.testng.Assert.fail(Assert.java:110)
at org.testng.Assert.failNotEquals(Assert.java:1413)
at org.testng.Assert.assertEqualsImpl(Assert.java:149)
at org.testng.Assert.assertEquals(Assert.java:131)
at org.testng.Assert.assertEquals(Assert.java:655)
at org.testng.Assert.assertEquals(Assert.java:665)
at stepDefinitions.DieticianHomeSteps.user_is_on_the_dietician_home_page(DieticianHomeSteps.java:26)
at ✽.User is on the Dietician Home page(file:///C:/Users/einst/eclipse-workspace-new/DieticianHackathon/src/test/resources/features/DieticianHome.feature:17)
]]>
    </failure>
  </testcase> <!-- runScenario -->
  <system-out/>
  <testcase classname="runner.TestNgRunner" name="runScenario" time="64.576">
    <failure message="expected [Dietician Home] but found [Dummy.com]" type="java.lang.AssertionError">
      <![CDATA[java.lang.AssertionError: expected [Dietician Home] but found [Dummy.com]
at org.testng.Assert.fail(Assert.java:110)
at org.testng.Assert.failNotEquals(Assert.java:1413)
at org.testng.Assert.assertEqualsImpl(Assert.java:149)
at org.testng.Assert.assertEquals(Assert.java:131)
at org.testng.Assert.assertEquals(Assert.java:655)
at org.testng.Assert.assertEquals(Assert.java:665)
at stepDefinitions.DieticianHomeSteps.user_is_on_the_dietician_home_page(DieticianHomeSteps.java:26)
at ✽.User is on the Dietician Home page(file:///C:/Users/einst/eclipse-workspace-new/DieticianHackathon/src/test/resources/features/DieticianHome.feature:31)
]]>
    </failure>
  </testcase> <!-- runScenario -->
  <system-out/>
  <testcase classname="runner.TestNgRunner" name="runScenario" time="64.390">
    <failure message="expected [Dietician Home] but found [Dummy.com]" type="java.lang.AssertionError">
      <![CDATA[java.lang.AssertionError: expected [Dietician Home] but found [Dummy.com]
at org.testng.Assert.fail(Assert.java:110)
at org.testng.Assert.failNotEquals(Assert.java:1413)
at org.testng.Assert.assertEqualsImpl(Assert.java:149)
at org.testng.Assert.assertEquals(Assert.java:131)
at org.testng.Assert.assertEquals(Assert.java:655)
at org.testng.Assert.assertEquals(Assert.java:665)
at stepDefinitions.DieticianHomeSteps.user_is_on_the_dietician_home_page(DieticianHomeSteps.java:26)
at ✽.User is on the Dietician Home page(file:///C:/Users/einst/eclipse-workspace-new/DieticianHackathon/src/test/resources/features/DieticianHome.feature:36)
]]>
    </failure>
  </testcase> <!-- runScenario -->
  <system-out/>
  <testcase classname="runner.TestNgRunner" name="runScenario" time="65.405">
    <failure message="expected [Dietician Home] but found [Dummy.com]" type="java.lang.AssertionError">
      <![CDATA[java.lang.AssertionError: expected [Dietician Home] but found [Dummy.com]
at org.testng.Assert.fail(Assert.java:110)
at org.testng.Assert.failNotEquals(Assert.java:1413)
at org.testng.Assert.assertEqualsImpl(Assert.java:149)
at org.testng.Assert.assertEquals(Assert.java:131)
at org.testng.Assert.assertEquals(Assert.java:655)
at org.testng.Assert.assertEquals(Assert.java:665)
at stepDefinitions.DieticianHomeSteps.user_is_on_the_dietician_home_page(DieticianHomeSteps.java:26)
at ✽.User is on the Dietician Home page(file:///C:/Users/einst/eclipse-workspace-new/DieticianHackathon/src/test/resources/features/DieticianHome.feature:44)
]]>
    </failure>
  </testcase> <!-- runScenario -->
  <system-out/>
  <testcase classname="runner.TestNgRunner" name="runScenario" time="70.442">
    <failure message="expected [Dietician Home] but found [Dummy.com]" type="java.lang.AssertionError">
      <![CDATA[java.lang.AssertionError: expected [Dietician Home] but found [Dummy.com]
at org.testng.Assert.fail(Assert.java:110)
at org.testng.Assert.failNotEquals(Assert.java:1413)
at org.testng.Assert.assertEqualsImpl(Assert.java:149)
at org.testng.Assert.assertEquals(Assert.java:131)
at org.testng.Assert.assertEquals(Assert.java:655)
at org.testng.Assert.assertEquals(Assert.java:665)
at stepDefinitions.DieticianHomeSteps.user_is_on_the_dietician_home_page(DieticianHomeSteps.java:26)
at ✽.User is on the Dietician Home page(file:///C:/Users/einst/eclipse-workspace-new/DieticianHackathon/src/test/resources/features/DieticianHome.feature:21)
]]>
    </failure>
  </testcase> <!-- runScenario -->
  <system-out/>
  <testcase classname="runner.TestNgRunner" name="runScenario" time="62.348">
    <failure message="expected [Dietician Home] but found [Dummy.com]" type="java.lang.AssertionError">
      <![CDATA[java.lang.AssertionError: expected [Dietician Home] but found [Dummy.com]
at org.testng.Assert.fail(Assert.java:110)
at org.testng.Assert.failNotEquals(Assert.java:1413)
at org.testng.Assert.assertEqualsImpl(Assert.java:149)
at org.testng.Assert.assertEquals(Assert.java:131)
at org.testng.Assert.assertEquals(Assert.java:655)
at org.testng.Assert.assertEquals(Assert.java:665)
at stepDefinitions.DieticianHomeSteps.user_is_on_the_dietician_home_page(DieticianHomeSteps.java:26)
at ✽.User is on the Dietician Home page(file:///C:/Users/einst/eclipse-workspace-new/DieticianHackathon/src/test/resources/features/DieticianHome.feature:9)
]]>
    </failure>
  </testcase> <!-- runScenario -->
  <system-out/>
</testsuite> <!-- runner.TestNgRunner -->
